{"C:\\Users\\agusm\\Documents\\GitHub\\rent-a-car\\src\\module\\cars\\controller\\carsController.js": {"path":"C:\\Users\\agusm\\Documents\\GitHub\\rent-a-car\\src\\module\\cars\\controller\\carsController.js","statementMap":{"0":{"start":{"line":1,"column":29},"end":{"line":1,"column":59}},"1":{"start":{"line":2,"column":27},"end":{"line":2,"column":58}},"2":{"start":{"line":4,"column":18},"end":{"line":4,"column":42}},"3":{"start":{"line":5,"column":20},"end":{"line":5,"column":49}},"4":{"start":{"line":7,"column":0},"end":{"line":104,"column":1}},"5":{"start":{"line":12,"column":8},"end":{"line":12,"column":16}},"6":{"start":{"line":13,"column":8},"end":{"line":13,"column":49}},"7":{"start":{"line":14,"column":8},"end":{"line":14,"column":39}},"8":{"start":{"line":21,"column":8},"end":{"line":21,"column":59}},"9":{"start":{"line":22,"column":8},"end":{"line":22,"column":61}},"10":{"start":{"line":23,"column":8},"end":{"line":23,"column":105}},"11":{"start":{"line":24,"column":8},"end":{"line":24,"column":63}},"12":{"start":{"line":25,"column":8},"end":{"line":25,"column":63}},"13":{"start":{"line":34,"column":20},"end":{"line":34,"column":55}},"14":{"start":{"line":35,"column":8},"end":{"line":35,"column":66}},"15":{"start":{"line":43,"column":8},"end":{"line":43,"column":49}},"16":{"start":{"line":51,"column":8},"end":{"line":68,"column":9}},"17":{"start":{"line":52,"column":24},"end":{"line":52,"column":50}},"18":{"start":{"line":53,"column":12},"end":{"line":53,"column":33}},"19":{"start":{"line":54,"column":12},"end":{"line":57,"column":13}},"20":{"start":{"line":55,"column":33},"end":{"line":55,"column":41}},"21":{"start":{"line":56,"column":16},"end":{"line":56,"column":36}},"22":{"start":{"line":58,"column":29},"end":{"line":58,"column":64}},"23":{"start":{"line":59,"column":12},"end":{"line":63,"column":13}},"24":{"start":{"line":60,"column":16},"end":{"line":60,"column":91}},"25":{"start":{"line":62,"column":16},"end":{"line":62,"column":113}},"26":{"start":{"line":64,"column":12},"end":{"line":64,"column":42}},"27":{"start":{"line":66,"column":12},"end":{"line":66,"column":54}},"28":{"start":{"line":67,"column":12},"end":{"line":67,"column":42}},"29":{"start":{"line":76,"column":8},"end":{"line":83,"column":9}},"30":{"start":{"line":77,"column":27},"end":{"line":77,"column":37}},"31":{"start":{"line":78,"column":24},"end":{"line":78,"column":61}},"32":{"start":{"line":79,"column":12},"end":{"line":79,"column":50}},"33":{"start":{"line":80,"column":12},"end":{"line":80,"column":135}},"34":{"start":{"line":82,"column":12},"end":{"line":82,"column":27}},"35":{"start":{"line":84,"column":8},"end":{"line":84,"column":38}},"36":{"start":{"line":92,"column":23},"end":{"line":92,"column":33}},"37":{"start":{"line":93,"column":8},"end":{"line":95,"column":9}},"38":{"start":{"line":94,"column":12},"end":{"line":94,"column":67}},"39":{"start":{"line":96,"column":8},"end":{"line":102,"column":9}},"40":{"start":{"line":97,"column":24},"end":{"line":97,"column":61}},"41":{"start":{"line":98,"column":12},"end":{"line":98,"column":63}},"42":{"start":{"line":100,"column":12},"end":{"line":100,"column":27}},"43":{"start":{"line":101,"column":12},"end":{"line":101,"column":42}}},"fnMap":{"0":{"name":"(anonymous_0)","decl":{"start":{"line":11,"column":4},"end":{"line":11,"column":5}},"loc":{"start":{"line":11,"column":47},"end":{"line":15,"column":5}},"line":11},"1":{"name":"(anonymous_1)","decl":{"start":{"line":20,"column":4},"end":{"line":20,"column":5}},"loc":{"start":{"line":20,"column":25},"end":{"line":26,"column":5}},"line":20},"2":{"name":"(anonymous_2)","decl":{"start":{"line":33,"column":4},"end":{"line":33,"column":5}},"loc":{"start":{"line":33,"column":29},"end":{"line":36,"column":5}},"line":33},"3":{"name":"(anonymous_3)","decl":{"start":{"line":42,"column":4},"end":{"line":42,"column":5}},"loc":{"start":{"line":42,"column":29},"end":{"line":44,"column":5}},"line":42},"4":{"name":"(anonymous_4)","decl":{"start":{"line":50,"column":4},"end":{"line":50,"column":5}},"loc":{"start":{"line":50,"column":29},"end":{"line":69,"column":5}},"line":50},"5":{"name":"(anonymous_5)","decl":{"start":{"line":75,"column":4},"end":{"line":75,"column":5}},"loc":{"start":{"line":75,"column":31},"end":{"line":85,"column":5}},"line":75},"6":{"name":"(anonymous_6)","decl":{"start":{"line":91,"column":4},"end":{"line":91,"column":5}},"loc":{"start":{"line":91,"column":31},"end":{"line":103,"column":5}},"line":91}},"branchMap":{"0":{"loc":{"start":{"line":54,"column":12},"end":{"line":57,"column":13}},"type":"if","locations":[{"start":{"line":54,"column":12},"end":{"line":57,"column":13}},{"start":{"line":54,"column":12},"end":{"line":57,"column":13}}],"line":54},"1":{"loc":{"start":{"line":59,"column":12},"end":{"line":63,"column":13}},"type":"if","locations":[{"start":{"line":59,"column":12},"end":{"line":63,"column":13}},{"start":{"line":59,"column":12},"end":{"line":63,"column":13}}],"line":59},"2":{"loc":{"start":{"line":93,"column":8},"end":{"line":95,"column":9}},"type":"if","locations":[{"start":{"line":93,"column":8},"end":{"line":95,"column":9}},{"start":{"line":93,"column":8},"end":{"line":95,"column":9}}],"line":93}},"s":{"0":1,"1":1,"2":1,"3":1,"4":1,"5":1,"6":1,"7":1,"8":0,"9":0,"10":0,"11":0,"12":0,"13":1,"14":1,"15":1,"16":3,"17":3,"18":3,"19":3,"20":3,"21":3,"22":3,"23":3,"24":1,"25":2,"26":2,"27":1,"28":1,"29":1,"30":1,"31":1,"32":1,"33":1,"34":0,"35":1,"36":3,"37":3,"38":1,"39":2,"40":2,"41":1,"42":1,"43":1},"f":{"0":1,"1":0,"2":1,"3":1,"4":3,"5":1,"6":3},"b":{"0":[3,0],"1":[1,2],"2":[1,2]},"_coverageSchema":"1a1c01bbd47fc00a2c39e90264f33305004495a9","hash":"fff0db36c9682d5c2433fd9eace53bac15c58a44"}
,"C:\\Users\\agusm\\Documents\\GitHub\\rent-a-car\\src\\module\\cars\\controller\\paths\\paths.js": {"path":"C:\\Users\\agusm\\Documents\\GitHub\\rent-a-car\\src\\module\\cars\\controller\\paths\\paths.js","statementMap":{"0":{"start":{"line":1,"column":14},"end":{"line":1,"column":23}},"1":{"start":{"line":3,"column":14},"end":{"line":18,"column":1}},"2":{"start":{"line":20,"column":0},"end":{"line":20,"column":27}}},"fnMap":{},"branchMap":{},"s":{"0":1,"1":1,"2":1},"f":{},"b":{},"_coverageSchema":"1a1c01bbd47fc00a2c39e90264f33305004495a9","hash":"4e7162e5f5df5468d139194af610b9df9236c426"}
,"C:\\Users\\agusm\\Documents\\GitHub\\rent-a-car\\src\\module\\cars\\entity\\car.js": {"path":"C:\\Users\\agusm\\Documents\\GitHub\\rent-a-car\\src\\module\\cars\\entity\\car.js","statementMap":{"0":{"start":{"line":1,"column":0},"end":{"line":27,"column":2}},"1":{"start":{"line":15,"column":8},"end":{"line":15,"column":21}},"2":{"start":{"line":16,"column":8},"end":{"line":16,"column":27}},"3":{"start":{"line":17,"column":8},"end":{"line":17,"column":27}},"4":{"start":{"line":18,"column":8},"end":{"line":18,"column":33}},"5":{"start":{"line":19,"column":8},"end":{"line":19,"column":49}},"6":{"start":{"line":20,"column":8},"end":{"line":20,"column":23}},"7":{"start":{"line":21,"column":8},"end":{"line":21,"column":27}},"8":{"start":{"line":22,"column":8},"end":{"line":22,"column":45}},"9":{"start":{"line":23,"column":8},"end":{"line":23,"column":37}},"10":{"start":{"line":24,"column":8},"end":{"line":24,"column":41}},"11":{"start":{"line":25,"column":8},"end":{"line":25,"column":25}}},"fnMap":{"0":{"name":"(anonymous_0)","decl":{"start":{"line":2,"column":4},"end":{"line":2,"column":5}},"loc":{"start":{"line":14,"column":7},"end":{"line":26,"column":5}},"line":14}},"branchMap":{},"s":{"0":4,"1":26,"2":26,"3":26,"4":26,"5":26,"6":26,"7":26,"8":26,"9":26,"10":26,"11":26},"f":{"0":26},"b":{},"_coverageSchema":"1a1c01bbd47fc00a2c39e90264f33305004495a9","hash":"91f70dccf42648bae0fabec1160e3d06986aa596"}
,"C:\\Users\\agusm\\Documents\\GitHub\\rent-a-car\\src\\module\\cars\\model\\carModel.js": {"path":"C:\\Users\\agusm\\Documents\\GitHub\\rent-a-car\\src\\module\\cars\\model\\carModel.js","statementMap":{"0":{"start":{"line":1,"column":41},"end":{"line":1,"column":61}},"1":{"start":{"line":3,"column":0},"end":{"line":75,"column":1}},"2":{"start":{"line":9,"column":8},"end":{"line":71,"column":10}},"3":{"start":{"line":73,"column":8},"end":{"line":73,"column":24}}},"fnMap":{"0":{"name":"(anonymous_0)","decl":{"start":{"line":8,"column":4},"end":{"line":8,"column":5}},"loc":{"start":{"line":8,"column":36},"end":{"line":74,"column":5}},"line":8}},"branchMap":{},"s":{"0":2,"1":2,"2":9,"3":9},"f":{"0":9},"b":{},"_coverageSchema":"1a1c01bbd47fc00a2c39e90264f33305004495a9","hash":"f84ca24124753c517a6b0956a49f74ba64dc0a49"}
,"C:\\Users\\agusm\\Documents\\GitHub\\rent-a-car\\src\\module\\clients\\controller\\abstractController.js": {"path":"C:\\Users\\agusm\\Documents\\GitHub\\rent-a-car\\src\\module\\clients\\controller\\abstractController.js","statementMap":{"0":{"start":{"line":1,"column":32},"end":{"line":1,"column":74}},"1":{"start":{"line":3,"column":0},"end":{"line":9,"column":2}},"2":{"start":{"line":5,"column":8},"end":{"line":7,"column":9}},"3":{"start":{"line":6,"column":12},"end":{"line":6,"column":48}}},"fnMap":{"0":{"name":"(anonymous_0)","decl":{"start":{"line":4,"column":4},"end":{"line":4,"column":5}},"loc":{"start":{"line":4,"column":18},"end":{"line":8,"column":5}},"line":4}},"branchMap":{"0":{"loc":{"start":{"line":5,"column":8},"end":{"line":7,"column":9}},"type":"if","locations":[{"start":{"line":5,"column":8},"end":{"line":7,"column":9}},{"start":{"line":5,"column":8},"end":{"line":7,"column":9}}],"line":5}},"s":{"0":2,"1":2,"2":3,"3":1},"f":{"0":3},"b":{"0":[1,2]},"_coverageSchema":"1a1c01bbd47fc00a2c39e90264f33305004495a9","hash":"ce372c86e4c91e6db54a5660dcf137683dc46936"}
,"C:\\Users\\agusm\\Documents\\GitHub\\rent-a-car\\src\\module\\clients\\controller\\clientsController.js": {"path":"C:\\Users\\agusm\\Documents\\GitHub\\rent-a-car\\src\\module\\clients\\controller\\clientsController.js","statementMap":{"0":{"start":{"line":1,"column":29},"end":{"line":1,"column":62}},"1":{"start":{"line":2,"column":27},"end":{"line":2,"column":58}},"2":{"start":{"line":3,"column":20},"end":{"line":3,"column":51}},"3":{"start":{"line":4,"column":18},"end":{"line":4,"column":42}},"4":{"start":{"line":6,"column":0},"end":{"line":51,"column":1}},"5":{"start":{"line":11,"column":8},"end":{"line":11,"column":16}},"6":{"start":{"line":12,"column":8},"end":{"line":12,"column":45}},"7":{"start":{"line":19,"column":8},"end":{"line":19,"column":59}},"8":{"start":{"line":20,"column":8},"end":{"line":20,"column":58}},"9":{"start":{"line":28,"column":8},"end":{"line":28,"column":49}},"10":{"start":{"line":36,"column":8},"end":{"line":49,"column":9}},"11":{"start":{"line":37,"column":27},"end":{"line":37,"column":53}},"12":{"start":{"line":38,"column":12},"end":{"line":38,"column":31}},"13":{"start":{"line":39,"column":32},"end":{"line":39,"column":76}},"14":{"start":{"line":40,"column":12},"end":{"line":44,"column":13}},"15":{"start":{"line":41,"column":16},"end":{"line":41,"column":93}},"16":{"start":{"line":43,"column":16},"end":{"line":43,"column":76}},"17":{"start":{"line":45,"column":12},"end":{"line":45,"column":38}},"18":{"start":{"line":47,"column":12},"end":{"line":47,"column":27}},"19":{"start":{"line":48,"column":12},"end":{"line":48,"column":38}}},"fnMap":{"0":{"name":"(anonymous_0)","decl":{"start":{"line":10,"column":4},"end":{"line":10,"column":5}},"loc":{"start":{"line":10,"column":32},"end":{"line":13,"column":5}},"line":10},"1":{"name":"(anonymous_1)","decl":{"start":{"line":18,"column":4},"end":{"line":18,"column":5}},"loc":{"start":{"line":18,"column":25},"end":{"line":21,"column":5}},"line":18},"2":{"name":"(anonymous_2)","decl":{"start":{"line":27,"column":4},"end":{"line":27,"column":5}},"loc":{"start":{"line":27,"column":27},"end":{"line":29,"column":5}},"line":27},"3":{"name":"(anonymous_3)","decl":{"start":{"line":35,"column":4},"end":{"line":35,"column":5}},"loc":{"start":{"line":35,"column":25},"end":{"line":50,"column":5}},"line":35}},"branchMap":{"0":{"loc":{"start":{"line":40,"column":12},"end":{"line":44,"column":13}},"type":"if","locations":[{"start":{"line":40,"column":12},"end":{"line":44,"column":13}},{"start":{"line":40,"column":12},"end":{"line":44,"column":13}}],"line":40}},"s":{"0":1,"1":1,"2":1,"3":1,"4":1,"5":1,"6":1,"7":0,"8":0,"9":1,"10":2,"11":2,"12":2,"13":2,"14":2,"15":1,"16":1,"17":1,"18":1,"19":1},"f":{"0":1,"1":0,"2":1,"3":2},"b":{"0":[1,1]},"_coverageSchema":"1a1c01bbd47fc00a2c39e90264f33305004495a9","hash":"0d01837812bc6db023268bcbed6f03c9c09d7310"}
,"C:\\Users\\agusm\\Documents\\GitHub\\rent-a-car\\src\\module\\clients\\controller\\error\\abstractControllerError.js": {"path":"C:\\Users\\agusm\\Documents\\GitHub\\rent-a-car\\src\\module\\clients\\controller\\error\\abstractControllerError.js","statementMap":{"0":{"start":{"line":1,"column":0},"end":{"line":1,"column":64}}},"fnMap":{},"branchMap":{},"s":{"0":2},"f":{},"b":{},"_coverageSchema":"1a1c01bbd47fc00a2c39e90264f33305004495a9","hash":"c6381c82c73fed3bd9391b95f981748198468afc"}
,"C:\\Users\\agusm\\Documents\\GitHub\\rent-a-car\\src\\module\\clients\\controller\\paths\\paths.js": {"path":"C:\\Users\\agusm\\Documents\\GitHub\\rent-a-car\\src\\module\\clients\\controller\\paths\\paths.js","statementMap":{"0":{"start":{"line":1,"column":14},"end":{"line":1,"column":23}},"1":{"start":{"line":3,"column":14},"end":{"line":9,"column":1}},"2":{"start":{"line":11,"column":0},"end":{"line":11,"column":27}}},"fnMap":{},"branchMap":{},"s":{"0":1,"1":1,"2":1},"f":{},"b":{},"_coverageSchema":"1a1c01bbd47fc00a2c39e90264f33305004495a9","hash":"b43c599233f433bf7b489689b1a36ba917d5a281"}
,"C:\\Users\\agusm\\Documents\\GitHub\\rent-a-car\\src\\module\\clients\\entity\\client.js": {"path":"C:\\Users\\agusm\\Documents\\GitHub\\rent-a-car\\src\\module\\clients\\entity\\client.js","statementMap":{"0":{"start":{"line":1,"column":0},"end":{"line":25,"column":2}},"1":{"start":{"line":14,"column":8},"end":{"line":14,"column":21}},"2":{"start":{"line":15,"column":8},"end":{"line":15,"column":25}},"3":{"start":{"line":16,"column":8},"end":{"line":16,"column":33}},"4":{"start":{"line":17,"column":8},"end":{"line":17,"column":45}},"5":{"start":{"line":18,"column":8},"end":{"line":18,"column":49}},"6":{"start":{"line":19,"column":8},"end":{"line":19,"column":39}},"7":{"start":{"line":20,"column":8},"end":{"line":20,"column":31}},"8":{"start":{"line":21,"column":8},"end":{"line":21,"column":27}},"9":{"start":{"line":22,"column":8},"end":{"line":22,"column":27}},"10":{"start":{"line":23,"column":8},"end":{"line":23,"column":33}}},"fnMap":{"0":{"name":"(anonymous_0)","decl":{"start":{"line":2,"column":4},"end":{"line":2,"column":5}},"loc":{"start":{"line":13,"column":7},"end":{"line":24,"column":5}},"line":13}},"branchMap":{},"s":{"0":6,"1":24,"2":24,"3":24,"4":24,"5":24,"6":24,"7":24,"8":24,"9":24,"10":24},"f":{"0":24},"b":{},"_coverageSchema":"1a1c01bbd47fc00a2c39e90264f33305004495a9","hash":"c326563f114ac580aef9bfc2b7bdc4eded71f64a"}
,"C:\\Users\\agusm\\Documents\\GitHub\\rent-a-car\\src\\module\\clients\\mapper\\clientMapper.js": {"path":"C:\\Users\\agusm\\Documents\\GitHub\\rent-a-car\\src\\module\\clients\\mapper\\clientMapper.js","statementMap":{"0":{"start":{"line":1,"column":15},"end":{"line":1,"column":42}},"1":{"start":{"line":15,"column":4},"end":{"line":26,"column":7}},"2":{"start":{"line":34,"column":4},"end":{"line":34,"column":38}},"3":{"start":{"line":37,"column":0},"end":{"line":40,"column":2}}},"fnMap":{"0":{"name":"fromDataToEntity","decl":{"start":{"line":3,"column":9},"end":{"line":3,"column":25}},"loc":{"start":{"line":14,"column":3},"end":{"line":27,"column":1}},"line":14},"1":{"name":"fromModelToEntity","decl":{"start":{"line":33,"column":9},"end":{"line":33,"column":26}},"loc":{"start":{"line":33,"column":34},"end":{"line":35,"column":1}},"line":33}},"branchMap":{},"s":{"0":2,"1":3,"2":1,"3":2},"f":{"0":3,"1":1},"b":{},"_coverageSchema":"1a1c01bbd47fc00a2c39e90264f33305004495a9","hash":"e4ac3abd2bf6b2abe8c3fa2cc62df82e9e8e4fb2"}
,"C:\\Users\\agusm\\Documents\\GitHub\\rent-a-car\\src\\module\\clients\\model\\clientModel.js": {"path":"C:\\Users\\agusm\\Documents\\GitHub\\rent-a-car\\src\\module\\clients\\model\\clientModel.js","statementMap":{"0":{"start":{"line":1,"column":41},"end":{"line":1,"column":61}},"1":{"start":{"line":3,"column":0},"end":{"line":72,"column":1}},"2":{"start":{"line":9,"column":8},"end":{"line":68,"column":10}},"3":{"start":{"line":70,"column":8},"end":{"line":70,"column":27}}},"fnMap":{"0":{"name":"(anonymous_0)","decl":{"start":{"line":8,"column":4},"end":{"line":8,"column":5}},"loc":{"start":{"line":8,"column":36},"end":{"line":71,"column":5}},"line":8}},"branchMap":{},"s":{"0":2,"1":2,"2":9,"3":9},"f":{"0":9},"b":{},"_coverageSchema":"1a1c01bbd47fc00a2c39e90264f33305004495a9","hash":"83bf9f6e47b31c48a935e8b479e3d411869ac2b2"}
,"C:\\Users\\agusm\\Documents\\GitHub\\rent-a-car\\src\\module\\clients\\service\\clientsService.js": {"path":"C:\\Users\\agusm\\Documents\\GitHub\\rent-a-car\\src\\module\\clients\\service\\clientsService.js","statementMap":{"0":{"start":{"line":5,"column":15},"end":{"line":5,"column":42}},"1":{"start":{"line":6,"column":30},"end":{"line":6,"column":70}},"2":{"start":{"line":7,"column":32},"end":{"line":7,"column":74}},"3":{"start":{"line":9,"column":0},"end":{"line":50,"column":1}},"4":{"start":{"line":14,"column":8},"end":{"line":14,"column":50}},"5":{"start":{"line":21,"column":8},"end":{"line":23,"column":9}},"6":{"start":{"line":22,"column":12},"end":{"line":22,"column":46}},"7":{"start":{"line":24,"column":8},"end":{"line":24,"column":56}},"8":{"start":{"line":28,"column":8},"end":{"line":30,"column":9}},"9":{"start":{"line":29,"column":12},"end":{"line":29,"column":48}},"10":{"start":{"line":32,"column":8},"end":{"line":32,"column":56}},"11":{"start":{"line":39,"column":8},"end":{"line":41,"column":9}},"12":{"start":{"line":40,"column":12},"end":{"line":40,"column":46}},"13":{"start":{"line":43,"column":8},"end":{"line":43,"column":59}},"14":{"start":{"line":47,"column":8},"end":{"line":47,"column":54}}},"fnMap":{"0":{"name":"(anonymous_0)","decl":{"start":{"line":13,"column":5},"end":{"line":13,"column":6}},"loc":{"start":{"line":13,"column":36},"end":{"line":15,"column":5}},"line":13},"1":{"name":"(anonymous_1)","decl":{"start":{"line":20,"column":4},"end":{"line":20,"column":5}},"loc":{"start":{"line":20,"column":29},"end":{"line":25,"column":5}},"line":20},"2":{"name":"(anonymous_2)","decl":{"start":{"line":27,"column":4},"end":{"line":27,"column":5}},"loc":{"start":{"line":27,"column":28},"end":{"line":33,"column":5}},"line":27},"3":{"name":"(anonymous_3)","decl":{"start":{"line":38,"column":4},"end":{"line":38,"column":5}},"loc":{"start":{"line":38,"column":31},"end":{"line":44,"column":5}},"line":38},"4":{"name":"(anonymous_4)","decl":{"start":{"line":46,"column":4},"end":{"line":46,"column":5}},"loc":{"start":{"line":46,"column":26},"end":{"line":48,"column":5}},"line":46}},"branchMap":{"0":{"loc":{"start":{"line":21,"column":8},"end":{"line":23,"column":9}},"type":"if","locations":[{"start":{"line":21,"column":8},"end":{"line":23,"column":9}},{"start":{"line":21,"column":8},"end":{"line":23,"column":9}}],"line":21},"1":{"loc":{"start":{"line":28,"column":8},"end":{"line":30,"column":9}},"type":"if","locations":[{"start":{"line":28,"column":8},"end":{"line":30,"column":9}},{"start":{"line":28,"column":8},"end":{"line":30,"column":9}}],"line":28},"2":{"loc":{"start":{"line":39,"column":8},"end":{"line":41,"column":9}},"type":"if","locations":[{"start":{"line":39,"column":8},"end":{"line":41,"column":9}},{"start":{"line":39,"column":8},"end":{"line":41,"column":9}}],"line":39}},"s":{"0":1,"1":1,"2":1,"3":1,"4":1,"5":2,"6":1,"7":1,"8":2,"9":1,"10":1,"11":2,"12":1,"13":1,"14":1},"f":{"0":1,"1":2,"2":2,"3":2,"4":1},"b":{"0":[1,1],"1":[1,1],"2":[1,1]},"_coverageSchema":"1a1c01bbd47fc00a2c39e90264f33305004495a9","hash":"1d4b7713a3bbc0a8e913ed78f6db4f3755ab36a1"}
,"C:\\Users\\agusm\\Documents\\GitHub\\rent-a-car\\src\\module\\clients\\service\\error\\clientIdNotDefinedError.js": {"path":"C:\\Users\\agusm\\Documents\\GitHub\\rent-a-car\\src\\module\\clients\\service\\error\\clientIdNotDefinedError.js","statementMap":{"0":{"start":{"line":1,"column":0},"end":{"line":1,"column":62}}},"fnMap":{},"branchMap":{},"s":{"0":1},"f":{},"b":{},"_coverageSchema":"1a1c01bbd47fc00a2c39e90264f33305004495a9","hash":"ca7b8a0ac69ce00d937ac3051d7c42a750040d86"}
,"C:\\Users\\agusm\\Documents\\GitHub\\rent-a-car\\src\\module\\clients\\service\\error\\clientNotDefinedError.js": {"path":"C:\\Users\\agusm\\Documents\\GitHub\\rent-a-car\\src\\module\\clients\\service\\error\\clientNotDefinedError.js","statementMap":{"0":{"start":{"line":1,"column":0},"end":{"line":1,"column":62}}},"fnMap":{},"branchMap":{},"s":{"0":1},"f":{},"b":{},"_coverageSchema":"1a1c01bbd47fc00a2c39e90264f33305004495a9","hash":"f24f8ebdb2647ab1874da23cd6ca83e8f9474e3c"}
,"C:\\Users\\agusm\\Documents\\GitHub\\rent-a-car\\src\\module\\data\\resData.js": {"path":"C:\\Users\\agusm\\Documents\\GitHub\\rent-a-car\\src\\module\\data\\resData.js","statementMap":{"0":{"start":{"line":1,"column":16},"end":{"line":4,"column":1}},"1":{"start":{"line":6,"column":0},"end":{"line":6,"column":29}}},"fnMap":{},"branchMap":{},"s":{"0":5,"1":5},"f":{},"b":{},"_coverageSchema":"1a1c01bbd47fc00a2c39e90264f33305004495a9","hash":"dd54731934000e578f30bb034b5f89bf882ca67b"}
,"C:\\Users\\agusm\\Documents\\GitHub\\rent-a-car\\src\\module\\rents\\controller\\abstractController.js": {"path":"C:\\Users\\agusm\\Documents\\GitHub\\rent-a-car\\src\\module\\rents\\controller\\abstractController.js","statementMap":{"0":{"start":{"line":1,"column":32},"end":{"line":1,"column":74}},"1":{"start":{"line":3,"column":0},"end":{"line":9,"column":2}},"2":{"start":{"line":5,"column":8},"end":{"line":7,"column":9}},"3":{"start":{"line":6,"column":12},"end":{"line":6,"column":48}}},"fnMap":{"0":{"name":"(anonymous_0)","decl":{"start":{"line":4,"column":4},"end":{"line":4,"column":5}},"loc":{"start":{"line":4,"column":18},"end":{"line":8,"column":5}},"line":4}},"branchMap":{"0":{"loc":{"start":{"line":5,"column":8},"end":{"line":7,"column":9}},"type":"if","locations":[{"start":{"line":5,"column":8},"end":{"line":7,"column":9}},{"start":{"line":5,"column":8},"end":{"line":7,"column":9}}],"line":5}},"s":{"0":2,"1":2,"2":3,"3":1},"f":{"0":3},"b":{"0":[1,2]},"_coverageSchema":"1a1c01bbd47fc00a2c39e90264f33305004495a9","hash":"bc48e0d0d066d4823755da207fb755f1a9d7e1e0"}
,"C:\\Users\\agusm\\Documents\\GitHub\\rent-a-car\\src\\module\\rents\\controller\\rentsController.js": {"path":"C:\\Users\\agusm\\Documents\\GitHub\\rent-a-car\\src\\module\\rents\\controller\\rentsController.js","statementMap":{"0":{"start":{"line":1,"column":29},"end":{"line":1,"column":63}},"1":{"start":{"line":2,"column":23},"end":{"line":2,"column":54}},"2":{"start":{"line":3,"column":27},"end":{"line":3,"column":58}},"3":{"start":{"line":4,"column":27},"end":{"line":4,"column":81}},"4":{"start":{"line":6,"column":18},"end":{"line":6,"column":42}},"5":{"start":{"line":7,"column":20},"end":{"line":7,"column":49}},"6":{"start":{"line":9,"column":0},"end":{"line":183,"column":1}},"7":{"start":{"line":16,"column":8},"end":{"line":16,"column":16}},"8":{"start":{"line":17,"column":8},"end":{"line":17,"column":39}},"9":{"start":{"line":18,"column":8},"end":{"line":18,"column":39}},"10":{"start":{"line":19,"column":8},"end":{"line":19,"column":44}},"11":{"start":{"line":27,"column":12},"end":{"line":29,"column":13}},"12":{"start":{"line":28,"column":16},"end":{"line":28,"column":30}},"13":{"start":{"line":30,"column":12},"end":{"line":30,"column":43}},"14":{"start":{"line":34,"column":8},"end":{"line":34,"column":57}},"15":{"start":{"line":37,"column":8},"end":{"line":37,"column":55}},"16":{"start":{"line":38,"column":8},"end":{"line":38,"column":57}},"17":{"start":{"line":39,"column":8},"end":{"line":39,"column":58}},"18":{"start":{"line":42,"column":8},"end":{"line":42,"column":85}},"19":{"start":{"line":43,"column":8},"end":{"line":43,"column":74}},"20":{"start":{"line":44,"column":8},"end":{"line":44,"column":92}},"21":{"start":{"line":45,"column":8},"end":{"line":45,"column":90}},"22":{"start":{"line":46,"column":8},"end":{"line":46,"column":77}},"23":{"start":{"line":54,"column":8},"end":{"line":54,"column":47}},"24":{"start":{"line":58,"column":21},"end":{"line":58,"column":56}},"25":{"start":{"line":59,"column":8},"end":{"line":59,"column":67}},"26":{"start":{"line":67,"column":23},"end":{"line":67,"column":33}},"27":{"start":{"line":68,"column":8},"end":{"line":70,"column":9}},"28":{"start":{"line":69,"column":12},"end":{"line":69,"column":44}},"29":{"start":{"line":71,"column":8},"end":{"line":79,"column":9}},"30":{"start":{"line":72,"column":30},"end":{"line":72,"column":46}},"31":{"start":{"line":73,"column":24},"end":{"line":73,"column":61}},"32":{"start":{"line":74,"column":28},"end":{"line":74,"column":69}},"33":{"start":{"line":75,"column":12},"end":{"line":75,"column":93}},"34":{"start":{"line":77,"column":12},"end":{"line":77,"column":45}},"35":{"start":{"line":78,"column":12},"end":{"line":78,"column":50}},"36":{"start":{"line":87,"column":8},"end":{"line":99,"column":9}},"37":{"start":{"line":88,"column":28},"end":{"line":88,"column":54}},"38":{"start":{"line":89,"column":33},"end":{"line":89,"column":72}},"39":{"start":{"line":90,"column":12},"end":{"line":94,"column":13}},"40":{"start":{"line":91,"column":16},"end":{"line":91,"column":87}},"41":{"start":{"line":93,"column":16},"end":{"line":93,"column":76}},"42":{"start":{"line":95,"column":12},"end":{"line":95,"column":73}},"43":{"start":{"line":97,"column":12},"end":{"line":97,"column":27}},"44":{"start":{"line":98,"column":12},"end":{"line":98,"column":42}},"45":{"start":{"line":107,"column":23},"end":{"line":107,"column":64}},"46":{"start":{"line":108,"column":8},"end":{"line":108,"column":27}},"47":{"start":{"line":109,"column":8},"end":{"line":109,"column":87}},"48":{"start":{"line":117,"column":23},"end":{"line":117,"column":33}},"49":{"start":{"line":118,"column":8},"end":{"line":120,"column":9}},"50":{"start":{"line":119,"column":12},"end":{"line":119,"column":44}},"51":{"start":{"line":122,"column":8},"end":{"line":127,"column":9}},"52":{"start":{"line":123,"column":28},"end":{"line":123,"column":69}},"53":{"start":{"line":124,"column":12},"end":{"line":124,"column":81}},"54":{"start":{"line":126,"column":12},"end":{"line":126,"column":27}},"55":{"start":{"line":135,"column":23},"end":{"line":135,"column":33}},"56":{"start":{"line":136,"column":8},"end":{"line":138,"column":9}},"57":{"start":{"line":137,"column":12},"end":{"line":137,"column":44}},"58":{"start":{"line":140,"column":8},"end":{"line":146,"column":9}},"59":{"start":{"line":141,"column":28},"end":{"line":141,"column":69}},"60":{"start":{"line":142,"column":12},"end":{"line":142,"column":58}},"61":{"start":{"line":143,"column":12},"end":{"line":143,"column":74}},"62":{"start":{"line":145,"column":12},"end":{"line":145,"column":27}},"63":{"start":{"line":154,"column":23},"end":{"line":154,"column":33}},"64":{"start":{"line":155,"column":8},"end":{"line":157,"column":9}},"65":{"start":{"line":156,"column":12},"end":{"line":156,"column":44}},"66":{"start":{"line":159,"column":8},"end":{"line":166,"column":9}},"67":{"start":{"line":160,"column":30},"end":{"line":160,"column":46}},"68":{"start":{"line":161,"column":28},"end":{"line":161,"column":69}},"69":{"start":{"line":162,"column":12},"end":{"line":162,"column":97}},"70":{"start":{"line":164,"column":12},"end":{"line":164,"column":27}},"71":{"start":{"line":165,"column":12},"end":{"line":165,"column":42}},"72":{"start":{"line":174,"column":8},"end":{"line":181,"column":9}},"73":{"start":{"line":175,"column":28},"end":{"line":175,"column":54}},"74":{"start":{"line":176,"column":12},"end":{"line":176,"column":83}},"75":{"start":{"line":177,"column":12},"end":{"line":177,"column":73}},"76":{"start":{"line":179,"column":12},"end":{"line":179,"column":27}},"77":{"start":{"line":180,"column":12},"end":{"line":180,"column":61}}},"fnMap":{"0":{"name":"(anonymous_0)","decl":{"start":{"line":15,"column":4},"end":{"line":15,"column":5}},"loc":{"start":{"line":15,"column":58},"end":{"line":20,"column":5}},"line":15},"1":{"name":"(anonymous_1)","decl":{"start":{"line":25,"column":4},"end":{"line":25,"column":5}},"loc":{"start":{"line":25,"column":25},"end":{"line":47,"column":5}},"line":25},"2":{"name":"isAuthenticated","decl":{"start":{"line":26,"column":17},"end":{"line":26,"column":32}},"loc":{"start":{"line":26,"column":49},"end":{"line":31,"column":9}},"line":26},"3":{"name":"(anonymous_3)","decl":{"start":{"line":53,"column":4},"end":{"line":53,"column":5}},"loc":{"start":{"line":53,"column":26},"end":{"line":55,"column":5}},"line":53},"4":{"name":"(anonymous_4)","decl":{"start":{"line":57,"column":4},"end":{"line":57,"column":5}},"loc":{"start":{"line":57,"column":25},"end":{"line":60,"column":5}},"line":57},"5":{"name":"(anonymous_5)","decl":{"start":{"line":66,"column":4},"end":{"line":66,"column":5}},"loc":{"start":{"line":66,"column":25},"end":{"line":80,"column":5}},"line":66},"6":{"name":"(anonymous_6)","decl":{"start":{"line":86,"column":4},"end":{"line":86,"column":5}},"loc":{"start":{"line":86,"column":25},"end":{"line":100,"column":5}},"line":86},"7":{"name":"(anonymous_7)","decl":{"start":{"line":106,"column":4},"end":{"line":106,"column":5}},"loc":{"start":{"line":106,"column":36},"end":{"line":110,"column":5}},"line":106},"8":{"name":"(anonymous_8)","decl":{"start":{"line":116,"column":4},"end":{"line":116,"column":5}},"loc":{"start":{"line":116,"column":36},"end":{"line":128,"column":5}},"line":116},"9":{"name":"(anonymous_9)","decl":{"start":{"line":134,"column":4},"end":{"line":134,"column":5}},"loc":{"start":{"line":134,"column":35},"end":{"line":147,"column":5}},"line":134},"10":{"name":"(anonymous_10)","decl":{"start":{"line":153,"column":4},"end":{"line":153,"column":5}},"loc":{"start":{"line":153,"column":33},"end":{"line":167,"column":5}},"line":153},"11":{"name":"(anonymous_11)","decl":{"start":{"line":173,"column":4},"end":{"line":173,"column":5}},"loc":{"start":{"line":173,"column":35},"end":{"line":182,"column":5}},"line":173}},"branchMap":{"0":{"loc":{"start":{"line":27,"column":12},"end":{"line":29,"column":13}},"type":"if","locations":[{"start":{"line":27,"column":12},"end":{"line":29,"column":13}},{"start":{"line":27,"column":12},"end":{"line":29,"column":13}}],"line":27},"1":{"loc":{"start":{"line":68,"column":8},"end":{"line":70,"column":9}},"type":"if","locations":[{"start":{"line":68,"column":8},"end":{"line":70,"column":9}},{"start":{"line":68,"column":8},"end":{"line":70,"column":9}}],"line":68},"2":{"loc":{"start":{"line":90,"column":12},"end":{"line":94,"column":13}},"type":"if","locations":[{"start":{"line":90,"column":12},"end":{"line":94,"column":13}},{"start":{"line":90,"column":12},"end":{"line":94,"column":13}}],"line":90},"3":{"loc":{"start":{"line":118,"column":8},"end":{"line":120,"column":9}},"type":"if","locations":[{"start":{"line":118,"column":8},"end":{"line":120,"column":9}},{"start":{"line":118,"column":8},"end":{"line":120,"column":9}}],"line":118},"4":{"loc":{"start":{"line":136,"column":8},"end":{"line":138,"column":9}},"type":"if","locations":[{"start":{"line":136,"column":8},"end":{"line":138,"column":9}},{"start":{"line":136,"column":8},"end":{"line":138,"column":9}}],"line":136},"5":{"loc":{"start":{"line":155,"column":8},"end":{"line":157,"column":9}},"type":"if","locations":[{"start":{"line":155,"column":8},"end":{"line":157,"column":9}},{"start":{"line":155,"column":8},"end":{"line":157,"column":9}}],"line":155}},"s":{"0":1,"1":1,"2":1,"3":1,"4":1,"5":1,"6":1,"7":1,"8":1,"9":1,"10":1,"11":0,"12":0,"13":0,"14":0,"15":0,"16":0,"17":0,"18":0,"19":0,"20":0,"21":0,"22":0,"23":1,"24":1,"25":1,"26":3,"27":3,"28":1,"29":2,"30":2,"31":2,"32":2,"33":2,"34":1,"35":1,"36":3,"37":3,"38":3,"39":3,"40":1,"41":2,"42":2,"43":1,"44":1,"45":1,"46":1,"47":1,"48":2,"49":2,"50":1,"51":1,"52":1,"53":1,"54":0,"55":2,"56":2,"57":1,"58":1,"59":1,"60":1,"61":1,"62":0,"63":2,"64":2,"65":1,"66":1,"67":1,"68":1,"69":1,"70":0,"71":0,"72":2,"73":2,"74":1,"75":1,"76":1,"77":1},"f":{"0":1,"1":0,"2":0,"3":1,"4":1,"5":3,"6":3,"7":1,"8":2,"9":2,"10":2,"11":2},"b":{"0":[0,0],"1":[1,2],"2":[1,2],"3":[1,1],"4":[1,1],"5":[1,1]},"_coverageSchema":"1a1c01bbd47fc00a2c39e90264f33305004495a9","hash":"f177187c6004da4fe0602f4d268de9f1b60de5c4"}
,"C:\\Users\\agusm\\Documents\\GitHub\\rent-a-car\\src\\module\\rents\\controller\\error\\abstractControllerError.js": {"path":"C:\\Users\\agusm\\Documents\\GitHub\\rent-a-car\\src\\module\\rents\\controller\\error\\abstractControllerError.js","statementMap":{"0":{"start":{"line":1,"column":0},"end":{"line":1,"column":64}}},"fnMap":{},"branchMap":{},"s":{"0":2},"f":{},"b":{},"_coverageSchema":"1a1c01bbd47fc00a2c39e90264f33305004495a9","hash":"19ab3a9ec0f269792734c2c6eb5f263f3cfffd3e"}
,"C:\\Users\\agusm\\Documents\\GitHub\\rent-a-car\\src\\module\\rents\\controller\\paths\\paths.js": {"path":"C:\\Users\\agusm\\Documents\\GitHub\\rent-a-car\\src\\module\\rents\\controller\\paths\\paths.js","statementMap":{"0":{"start":{"line":1,"column":14},"end":{"line":1,"column":23}},"1":{"start":{"line":3,"column":14},"end":{"line":44,"column":1}},"2":{"start":{"line":30,"column":16},"end":{"line":30,"column":52}},"3":{"start":{"line":36,"column":16},"end":{"line":36,"column":52}},"4":{"start":{"line":46,"column":0},"end":{"line":46,"column":27}}},"fnMap":{"0":{"name":"(anonymous_0)","decl":{"start":{"line":29,"column":22},"end":{"line":29,"column":23}},"loc":{"start":{"line":29,"column":30},"end":{"line":31,"column":13}},"line":29},"1":{"name":"(anonymous_1)","decl":{"start":{"line":35,"column":22},"end":{"line":35,"column":23}},"loc":{"start":{"line":35,"column":30},"end":{"line":37,"column":13}},"line":35}},"branchMap":{},"s":{"0":1,"1":1,"2":6,"3":2,"4":1},"f":{"0":6,"1":2},"b":{},"_coverageSchema":"1a1c01bbd47fc00a2c39e90264f33305004495a9","hash":"b3e7699b08fdd69f692944b15f643e1c39462afc"}
,"C:\\Users\\agusm\\Documents\\GitHub\\rent-a-car\\src\\module\\rents\\entity\\reserve.js": {"path":"C:\\Users\\agusm\\Documents\\GitHub\\rent-a-car\\src\\module\\rents\\entity\\reserve.js","statementMap":{"0":{"start":{"line":1,"column":0},"end":{"line":27,"column":2}},"1":{"start":{"line":12,"column":8},"end":{"line":12,"column":21}},"2":{"start":{"line":13,"column":8},"end":{"line":13,"column":31}},"3":{"start":{"line":14,"column":8},"end":{"line":14,"column":35}},"4":{"start":{"line":15,"column":8},"end":{"line":15,"column":31}},"5":{"start":{"line":16,"column":8},"end":{"line":16,"column":29}},"6":{"start":{"line":17,"column":8},"end":{"line":17,"column":35}},"7":{"start":{"line":21,"column":8},"end":{"line":21,"column":23}},"8":{"start":{"line":25,"column":8},"end":{"line":25,"column":29}}},"fnMap":{"0":{"name":"(anonymous_0)","decl":{"start":{"line":2,"column":4},"end":{"line":2,"column":5}},"loc":{"start":{"line":11,"column":7},"end":{"line":26,"column":5}},"line":11}},"branchMap":{},"s":{"0":4,"1":34,"2":34,"3":34,"4":34,"5":34,"6":34,"7":34,"8":34},"f":{"0":34},"b":{},"_coverageSchema":"1a1c01bbd47fc00a2c39e90264f33305004495a9","hash":"018bea1ebbc90b16925f484e1d161aab9b441fad"}
,"C:\\Users\\agusm\\Documents\\GitHub\\rent-a-car\\src\\module\\rents\\mapper\\reserveMapper.js": {"path":"C:\\Users\\agusm\\Documents\\GitHub\\rent-a-car\\src\\module\\rents\\mapper\\reserveMapper.js","statementMap":{"0":{"start":{"line":1,"column":16},"end":{"line":1,"column":44}},"1":{"start":{"line":2,"column":15},"end":{"line":2,"column":53}},"2":{"start":{"line":3,"column":12},"end":{"line":3,"column":44}},"3":{"start":{"line":15,"column":4},"end":{"line":24,"column":7}},"4":{"start":{"line":32,"column":4},"end":{"line":32,"column":39}},"5":{"start":{"line":35,"column":0},"end":{"line":38,"column":2}}},"fnMap":{"0":{"name":"fromDataToEntity","decl":{"start":{"line":5,"column":9},"end":{"line":5,"column":25}},"loc":{"start":{"line":14,"column":3},"end":{"line":25,"column":1}},"line":14},"1":{"name":"fromModelToEntity","decl":{"start":{"line":31,"column":9},"end":{"line":31,"column":26}},"loc":{"start":{"line":31,"column":34},"end":{"line":33,"column":1}},"line":31}},"branchMap":{},"s":{"0":3,"1":3,"2":3,"3":5,"4":15,"5":3},"f":{"0":5,"1":15},"b":{},"_coverageSchema":"1a1c01bbd47fc00a2c39e90264f33305004495a9","hash":"3ca114601d25f299f72cb9be3f9863aadf09429b"}
,"C:\\Users\\agusm\\Documents\\GitHub\\rent-a-car\\src\\module\\rents\\model\\rentModel.js": {"path":"C:\\Users\\agusm\\Documents\\GitHub\\rent-a-car\\src\\module\\rents\\model\\rentModel.js","statementMap":{"0":{"start":{"line":1,"column":41},"end":{"line":1,"column":61}},"1":{"start":{"line":3,"column":0},"end":{"line":68,"column":2}},"2":{"start":{"line":9,"column":8},"end":{"line":52,"column":10}},"3":{"start":{"line":54,"column":8},"end":{"line":54,"column":25}},"4":{"start":{"line":61,"column":8},"end":{"line":61,"column":64}},"5":{"start":{"line":65,"column":8},"end":{"line":65,"column":70}}},"fnMap":{"0":{"name":"(anonymous_0)","decl":{"start":{"line":8,"column":4},"end":{"line":8,"column":5}},"loc":{"start":{"line":8,"column":36},"end":{"line":55,"column":5}},"line":8},"1":{"name":"(anonymous_1)","decl":{"start":{"line":60,"column":4},"end":{"line":60,"column":5}},"loc":{"start":{"line":60,"column":42},"end":{"line":62,"column":5}},"line":60},"2":{"name":"(anonymous_2)","decl":{"start":{"line":64,"column":4},"end":{"line":64,"column":5}},"loc":{"start":{"line":64,"column":48},"end":{"line":66,"column":5}},"line":64}},"branchMap":{},"s":{"0":2,"1":2,"2":9,"3":9,"4":8,"5":8},"f":{"0":9,"1":8,"2":8},"b":{},"_coverageSchema":"1a1c01bbd47fc00a2c39e90264f33305004495a9","hash":"4d39a9e7ec9399c7f16e610cee952b7392cb8472"}
,"C:\\Users\\agusm\\Documents\\GitHub\\rent-a-car\\src\\module\\rents\\repository\\orm\\rentsRepository.js": {"path":"C:\\Users\\agusm\\Documents\\GitHub\\rent-a-car\\src\\module\\rents\\repository\\orm\\rentsRepository.js","statementMap":{"0":{"start":{"line":1,"column":31},"end":{"line":1,"column":83}},"1":{"start":{"line":2,"column":30},"end":{"line":2,"column":67}},"2":{"start":{"line":3,"column":29},"end":{"line":3,"column":68}},"3":{"start":{"line":4,"column":33},"end":{"line":4,"column":76}},"4":{"start":{"line":6,"column":0},"end":{"line":88,"column":1}},"5":{"start":{"line":13,"column":8},"end":{"line":13,"column":16}},"6":{"start":{"line":14,"column":8},"end":{"line":14,"column":35}},"7":{"start":{"line":15,"column":8},"end":{"line":15,"column":33}},"8":{"start":{"line":16,"column":8},"end":{"line":16,"column":39}},"9":{"start":{"line":26,"column":29},"end":{"line":26,"column":57}},"10":{"start":{"line":27,"column":8},"end":{"line":27,"column":64}},"11":{"start":{"line":28,"column":8},"end":{"line":28,"column":57}},"12":{"start":{"line":29,"column":8},"end":{"line":29,"column":63}},"13":{"start":{"line":30,"column":8},"end":{"line":30,"column":43}},"14":{"start":{"line":32,"column":8},"end":{"line":32,"column":44}},"15":{"start":{"line":40,"column":8},"end":{"line":42,"column":9}},"16":{"start":{"line":41,"column":12},"end":{"line":41,"column":49}},"17":{"start":{"line":43,"column":8},"end":{"line":43,"column":84}},"18":{"start":{"line":51,"column":8},"end":{"line":61,"column":9}},"19":{"start":{"line":52,"column":29},"end":{"line":55,"column":14}},"20":{"start":{"line":57,"column":12},"end":{"line":57,"column":51}},"21":{"start":{"line":59,"column":12},"end":{"line":59,"column":26}},"22":{"start":{"line":60,"column":12},"end":{"line":60,"column":45}},"23":{"start":{"line":66,"column":25},"end":{"line":68,"column":10}},"24":{"start":{"line":69,"column":8},"end":{"line":69,"column":47}},"25":{"start":{"line":77,"column":26},"end":{"line":80,"column":10}},"26":{"start":{"line":82,"column":8},"end":{"line":84,"column":9}},"27":{"start":{"line":83,"column":12},"end":{"line":83,"column":44}},"28":{"start":{"line":86,"column":8},"end":{"line":86,"column":44}}},"fnMap":{"0":{"name":"(anonymous_0)","decl":{"start":{"line":12,"column":4},"end":{"line":12,"column":5}},"loc":{"start":{"line":12,"column":50},"end":{"line":17,"column":5}},"line":12},"1":{"name":"(anonymous_1)","decl":{"start":{"line":23,"column":4},"end":{"line":23,"column":5}},"loc":{"start":{"line":23,"column":27},"end":{"line":33,"column":5}},"line":23},"2":{"name":"(anonymous_2)","decl":{"start":{"line":39,"column":4},"end":{"line":39,"column":5}},"loc":{"start":{"line":39,"column":33},"end":{"line":44,"column":5}},"line":39},"3":{"name":"(anonymous_3)","decl":{"start":{"line":50,"column":4},"end":{"line":50,"column":5}},"loc":{"start":{"line":50,"column":29},"end":{"line":63,"column":5}},"line":50},"4":{"name":"(anonymous_4)","decl":{"start":{"line":65,"column":4},"end":{"line":65,"column":5}},"loc":{"start":{"line":65,"column":27},"end":{"line":70,"column":5}},"line":65},"5":{"name":"(anonymous_5)","decl":{"start":{"line":76,"column":4},"end":{"line":76,"column":5}},"loc":{"start":{"line":76,"column":29},"end":{"line":87,"column":5}},"line":76}},"branchMap":{"0":{"loc":{"start":{"line":40,"column":8},"end":{"line":42,"column":9}},"type":"if","locations":[{"start":{"line":40,"column":8},"end":{"line":42,"column":9}},{"start":{"line":40,"column":8},"end":{"line":42,"column":9}}],"line":40},"1":{"loc":{"start":{"line":40,"column":11},"end":{"line":40,"column":34}},"type":"binary-expr","locations":[{"start":{"line":40,"column":11},"end":{"line":40,"column":19}},{"start":{"line":40,"column":23},"end":{"line":40,"column":34}}],"line":40},"2":{"loc":{"start":{"line":82,"column":8},"end":{"line":84,"column":9}},"type":"if","locations":[{"start":{"line":82,"column":8},"end":{"line":84,"column":9}},{"start":{"line":82,"column":8},"end":{"line":84,"column":9}}],"line":82}},"s":{"0":1,"1":1,"2":1,"3":1,"4":1,"5":8,"6":8,"7":8,"8":8,"9":9,"10":9,"11":9,"12":9,"13":9,"14":9,"15":2,"16":1,"17":1,"18":2,"19":2,"20":1,"21":1,"22":1,"23":1,"24":1,"25":2,"26":2,"27":1,"28":1},"f":{"0":8,"1":9,"2":2,"3":2,"4":1,"5":2},"b":{"0":[1,1],"1":[2,1],"2":[1,1]},"_coverageSchema":"1a1c01bbd47fc00a2c39e90264f33305004495a9","hash":"f99fd73f4122d88c131b78d06d40d30a8403d8e1"}
,"C:\\Users\\agusm\\Documents\\GitHub\\rent-a-car\\src\\module\\rents\\repository\\orm\\error\\reserveIdNotDefinedError.js": {"path":"C:\\Users\\agusm\\Documents\\GitHub\\rent-a-car\\src\\module\\rents\\repository\\orm\\error\\reserveIdNotDefinedError.js","statementMap":{"0":{"start":{"line":1,"column":0},"end":{"line":1,"column":65}}},"fnMap":{},"branchMap":{},"s":{"0":1},"f":{},"b":{},"_coverageSchema":"1a1c01bbd47fc00a2c39e90264f33305004495a9","hash":"30e5b331c6278d6173fdb3fe77209969afdd6b3c"}
,"C:\\Users\\agusm\\Documents\\GitHub\\rent-a-car\\src\\module\\rents\\repository\\orm\\error\\reserveNotFoundError.js": {"path":"C:\\Users\\agusm\\Documents\\GitHub\\rent-a-car\\src\\module\\rents\\repository\\orm\\error\\reserveNotFoundError.js","statementMap":{"0":{"start":{"line":1,"column":0},"end":{"line":1,"column":61}}},"fnMap":{},"branchMap":{},"s":{"0":1},"f":{},"b":{},"_coverageSchema":"1a1c01bbd47fc00a2c39e90264f33305004495a9","hash":"b62ad1c2665b24cf9017b96a8e17aa17709a7d2f"}
,"C:\\Users\\agusm\\Documents\\GitHub\\rent-a-car\\src\\module\\rents\\service\\functions.js": {"path":"C:\\Users\\agusm\\Documents\\GitHub\\rent-a-car\\src\\module\\rents\\service\\functions.js","statementMap":{"0":{"start":{"line":1,"column":0},"end":{"line":9,"column":1}},"1":{"start":{"line":2,"column":16},"end":{"line":2,"column":26}},"2":{"start":{"line":4,"column":15},"end":{"line":4,"column":34}},"3":{"start":{"line":5,"column":16},"end":{"line":5,"column":56}},"4":{"start":{"line":6,"column":15},"end":{"line":6,"column":48}},"5":{"start":{"line":8,"column":4},"end":{"line":8,"column":51}}},"fnMap":{"0":{"name":"getCurrentDate","decl":{"start":{"line":1,"column":26},"end":{"line":1,"column":40}},"loc":{"start":{"line":1,"column":43},"end":{"line":9,"column":1}},"line":1}},"branchMap":{},"s":{"0":1,"1":5,"2":5,"3":5,"4":5,"5":5},"f":{"0":5},"b":{},"_coverageSchema":"1a1c01bbd47fc00a2c39e90264f33305004495a9","hash":"67997a729ef4e3cc4db19ca8110909ec1a6402ef"}
,"C:\\Users\\agusm\\Documents\\GitHub\\rent-a-car\\src\\module\\rents\\service\\rentsService.js": {"path":"C:\\Users\\agusm\\Documents\\GitHub\\rent-a-car\\src\\module\\rents\\service\\rentsService.js","statementMap":{"0":{"start":{"line":5,"column":16},"end":{"line":5,"column":44}},"1":{"start":{"line":6,"column":31},"end":{"line":6,"column":72}},"2":{"start":{"line":7,"column":33},"end":{"line":7,"column":76}},"3":{"start":{"line":9,"column":0},"end":{"line":58,"column":1}},"4":{"start":{"line":14,"column":8},"end":{"line":14,"column":44}},"5":{"start":{"line":21,"column":8},"end":{"line":23,"column":9}},"6":{"start":{"line":22,"column":12},"end":{"line":22,"column":47}},"7":{"start":{"line":24,"column":8},"end":{"line":24,"column":51}},"8":{"start":{"line":28,"column":8},"end":{"line":30,"column":9}},"9":{"start":{"line":29,"column":12},"end":{"line":29,"column":49}},"10":{"start":{"line":32,"column":8},"end":{"line":32,"column":54}},"11":{"start":{"line":36,"column":8},"end":{"line":38,"column":9}},"12":{"start":{"line":37,"column":12},"end":{"line":37,"column":49}},"13":{"start":{"line":40,"column":8},"end":{"line":40,"column":54}},"14":{"start":{"line":47,"column":8},"end":{"line":49,"column":9}},"15":{"start":{"line":48,"column":12},"end":{"line":48,"column":47}},"16":{"start":{"line":51,"column":8},"end":{"line":51,"column":58}},"17":{"start":{"line":55,"column":8},"end":{"line":55,"column":52}}},"fnMap":{"0":{"name":"(anonymous_0)","decl":{"start":{"line":13,"column":5},"end":{"line":13,"column":6}},"loc":{"start":{"line":13,"column":33},"end":{"line":15,"column":5}},"line":13},"1":{"name":"(anonymous_1)","decl":{"start":{"line":20,"column":4},"end":{"line":20,"column":5}},"loc":{"start":{"line":20,"column":27},"end":{"line":25,"column":5}},"line":20},"2":{"name":"(anonymous_2)","decl":{"start":{"line":27,"column":4},"end":{"line":27,"column":5}},"loc":{"start":{"line":27,"column":29},"end":{"line":33,"column":5}},"line":27},"3":{"name":"(anonymous_3)","decl":{"start":{"line":35,"column":4},"end":{"line":35,"column":5}},"loc":{"start":{"line":35,"column":29},"end":{"line":41,"column":5}},"line":35},"4":{"name":"(anonymous_4)","decl":{"start":{"line":46,"column":4},"end":{"line":46,"column":5}},"loc":{"start":{"line":46,"column":33},"end":{"line":52,"column":5}},"line":46},"5":{"name":"(anonymous_5)","decl":{"start":{"line":54,"column":4},"end":{"line":54,"column":5}},"loc":{"start":{"line":54,"column":26},"end":{"line":56,"column":5}},"line":54}},"branchMap":{"0":{"loc":{"start":{"line":21,"column":8},"end":{"line":23,"column":9}},"type":"if","locations":[{"start":{"line":21,"column":8},"end":{"line":23,"column":9}},{"start":{"line":21,"column":8},"end":{"line":23,"column":9}}],"line":21},"1":{"loc":{"start":{"line":28,"column":8},"end":{"line":30,"column":9}},"type":"if","locations":[{"start":{"line":28,"column":8},"end":{"line":30,"column":9}},{"start":{"line":28,"column":8},"end":{"line":30,"column":9}}],"line":28},"2":{"loc":{"start":{"line":36,"column":8},"end":{"line":38,"column":9}},"type":"if","locations":[{"start":{"line":36,"column":8},"end":{"line":38,"column":9}},{"start":{"line":36,"column":8},"end":{"line":38,"column":9}}],"line":36},"3":{"loc":{"start":{"line":47,"column":8},"end":{"line":49,"column":9}},"type":"if","locations":[{"start":{"line":47,"column":8},"end":{"line":49,"column":9}},{"start":{"line":47,"column":8},"end":{"line":49,"column":9}}],"line":47}},"s":{"0":1,"1":1,"2":1,"3":1,"4":1,"5":2,"6":1,"7":1,"8":2,"9":1,"10":1,"11":2,"12":1,"13":1,"14":2,"15":1,"16":1,"17":1},"f":{"0":1,"1":2,"2":2,"3":2,"4":2,"5":1},"b":{"0":[1,1],"1":[1,1],"2":[1,1],"3":[1,1]},"_coverageSchema":"1a1c01bbd47fc00a2c39e90264f33305004495a9","hash":"f66a12cf37f6c6946f81229a6251b987dc00328f"}
,"C:\\Users\\agusm\\Documents\\GitHub\\rent-a-car\\src\\module\\rents\\service\\error\\reserveIdNotDefinedError.js": {"path":"C:\\Users\\agusm\\Documents\\GitHub\\rent-a-car\\src\\module\\rents\\service\\error\\reserveIdNotDefinedError.js","statementMap":{"0":{"start":{"line":1,"column":0},"end":{"line":1,"column":65}}},"fnMap":{},"branchMap":{},"s":{"0":1},"f":{},"b":{},"_coverageSchema":"1a1c01bbd47fc00a2c39e90264f33305004495a9","hash":"d8990b1ae0ad4ab10152d36f768ae5a18cbdfce6"}
,"C:\\Users\\agusm\\Documents\\GitHub\\rent-a-car\\src\\module\\rents\\service\\error\\reserveNotDefinedError.js": {"path":"C:\\Users\\agusm\\Documents\\GitHub\\rent-a-car\\src\\module\\rents\\service\\error\\reserveNotDefinedError.js","statementMap":{"0":{"start":{"line":1,"column":0},"end":{"line":1,"column":63}}},"fnMap":{},"branchMap":{},"s":{"0":1},"f":{},"b":{},"_coverageSchema":"1a1c01bbd47fc00a2c39e90264f33305004495a9","hash":"28a1ea7b14ac52776741bb3ff7ac279af9e00a7e"}
,"C:\\Users\\agusm\\Documents\\GitHub\\rent-a-car\\src\\module\\users\\module.js": {"path":"C:\\Users\\agusm\\Documents\\GitHub\\rent-a-car\\src\\module\\users\\module.js","statementMap":{"0":{"start":{"line":1,"column":24},"end":{"line":1,"column":62}},"1":{"start":{"line":2,"column":21},"end":{"line":2,"column":53}},"2":{"start":{"line":3,"column":24},"end":{"line":3,"column":67}},"3":{"start":{"line":4,"column":18},"end":{"line":4,"column":46}},"4":{"start":{"line":7,"column":23},"end":{"line":7,"column":55}},"5":{"start":{"line":8,"column":4},"end":{"line":8,"column":36}},"6":{"start":{"line":11,"column":0},"end":{"line":17,"column":2}}},"fnMap":{"0":{"name":"init","decl":{"start":{"line":6,"column":9},"end":{"line":6,"column":13}},"loc":{"start":{"line":6,"column":30},"end":{"line":9,"column":1}},"line":6}},"branchMap":{},"s":{"0":1,"1":1,"2":1,"3":1,"4":0,"5":0,"6":1},"f":{"0":0},"b":{},"_coverageSchema":"1a1c01bbd47fc00a2c39e90264f33305004495a9","hash":"c456ad94a7f6f960489af06a817acdae7b0e9be9"}
,"C:\\Users\\agusm\\Documents\\GitHub\\rent-a-car\\src\\module\\users\\controller\\abstractController.js": {"path":"C:\\Users\\agusm\\Documents\\GitHub\\rent-a-car\\src\\module\\users\\controller\\abstractController.js","statementMap":{"0":{"start":{"line":1,"column":32},"end":{"line":1,"column":74}},"1":{"start":{"line":3,"column":0},"end":{"line":9,"column":2}},"2":{"start":{"line":5,"column":8},"end":{"line":7,"column":9}},"3":{"start":{"line":6,"column":12},"end":{"line":6,"column":48}}},"fnMap":{"0":{"name":"(anonymous_0)","decl":{"start":{"line":4,"column":4},"end":{"line":4,"column":5}},"loc":{"start":{"line":4,"column":18},"end":{"line":8,"column":5}},"line":4}},"branchMap":{"0":{"loc":{"start":{"line":5,"column":8},"end":{"line":7,"column":9}},"type":"if","locations":[{"start":{"line":5,"column":8},"end":{"line":7,"column":9}},{"start":{"line":5,"column":8},"end":{"line":7,"column":9}}],"line":5}},"s":{"0":3,"1":3,"2":3,"3":1},"f":{"0":3},"b":{"0":[1,2]},"_coverageSchema":"1a1c01bbd47fc00a2c39e90264f33305004495a9","hash":"84e5cd3035959de0e5d58ce555f0cdbdae45a5a8"}
,"C:\\Users\\agusm\\Documents\\GitHub\\rent-a-car\\src\\module\\users\\controller\\userController.js": {"path":"C:\\Users\\agusm\\Documents\\GitHub\\rent-a-car\\src\\module\\users\\controller\\userController.js","statementMap":{"0":{"start":{"line":1,"column":27},"end":{"line":1,"column":58}},"1":{"start":{"line":3,"column":14},"end":{"line":3,"column":38}},"2":{"start":{"line":4,"column":16},"end":{"line":4,"column":45}},"3":{"start":{"line":6,"column":0},"end":{"line":64,"column":1}},"4":{"start":{"line":8,"column":8},"end":{"line":8,"column":16}},"5":{"start":{"line":9,"column":8},"end":{"line":9,"column":41}},"6":{"start":{"line":16,"column":8},"end":{"line":16,"column":59}},"7":{"start":{"line":17,"column":8},"end":{"line":21,"column":12}},"8":{"start":{"line":22,"column":8},"end":{"line":22,"column":57}},"9":{"start":{"line":23,"column":8},"end":{"line":27,"column":12}},"10":{"start":{"line":28,"column":8},"end":{"line":28,"column":61}},"11":{"start":{"line":29,"column":8},"end":{"line":29,"column":59}},"12":{"start":{"line":37,"column":8},"end":{"line":37,"column":48}},"13":{"start":{"line":45,"column":8},"end":{"line":45,"column":48}},"14":{"start":{"line":53,"column":8},"end":{"line":53,"column":49}},"15":{"start":{"line":61,"column":8},"end":{"line":61,"column":21}},"16":{"start":{"line":62,"column":8},"end":{"line":62,"column":39}}},"fnMap":{"0":{"name":"(anonymous_0)","decl":{"start":{"line":7,"column":4},"end":{"line":7,"column":5}},"loc":{"start":{"line":7,"column":30},"end":{"line":10,"column":5}},"line":7},"1":{"name":"(anonymous_1)","decl":{"start":{"line":15,"column":4},"end":{"line":15,"column":5}},"loc":{"start":{"line":15,"column":25},"end":{"line":30,"column":5}},"line":15},"2":{"name":"(anonymous_2)","decl":{"start":{"line":36,"column":4},"end":{"line":36,"column":5}},"loc":{"start":{"line":36,"column":27},"end":{"line":38,"column":5}},"line":36},"3":{"name":"(anonymous_3)","decl":{"start":{"line":44,"column":4},"end":{"line":44,"column":5}},"loc":{"start":{"line":44,"column":26},"end":{"line":46,"column":5}},"line":44},"4":{"name":"(anonymous_4)","decl":{"start":{"line":52,"column":4},"end":{"line":52,"column":5}},"loc":{"start":{"line":52,"column":28},"end":{"line":54,"column":5}},"line":52},"5":{"name":"(anonymous_5)","decl":{"start":{"line":60,"column":4},"end":{"line":60,"column":5}},"loc":{"start":{"line":60,"column":27},"end":{"line":63,"column":5}},"line":60}},"branchMap":{},"s":{"0":2,"1":2,"2":2,"3":2,"4":1,"5":1,"6":0,"7":0,"8":0,"9":0,"10":0,"11":0,"12":1,"13":1,"14":1,"15":1,"16":1},"f":{"0":1,"1":0,"2":1,"3":1,"4":1,"5":1},"b":{},"_coverageSchema":"1a1c01bbd47fc00a2c39e90264f33305004495a9","hash":"cd8c8cb4114232b30f78df24ddeeaa650d8d4155"}
,"C:\\Users\\agusm\\Documents\\GitHub\\rent-a-car\\src\\module\\users\\controller\\error\\abstractControllerError.js": {"path":"C:\\Users\\agusm\\Documents\\GitHub\\rent-a-car\\src\\module\\users\\controller\\error\\abstractControllerError.js","statementMap":{"0":{"start":{"line":1,"column":0},"end":{"line":1,"column":64}}},"fnMap":{},"branchMap":{},"s":{"0":3},"f":{},"b":{},"_coverageSchema":"1a1c01bbd47fc00a2c39e90264f33305004495a9","hash":"22f423c5b07d7bcbc45e0f32e96a0d465f650192"}
,"C:\\Users\\agusm\\Documents\\GitHub\\rent-a-car\\src\\module\\users\\controller\\paths\\paths.js": {"path":"C:\\Users\\agusm\\Documents\\GitHub\\rent-a-car\\src\\module\\users\\controller\\paths\\paths.js","statementMap":{"0":{"start":{"line":1,"column":14},"end":{"line":1,"column":23}},"1":{"start":{"line":3,"column":14},"end":{"line":22,"column":1}},"2":{"start":{"line":24,"column":0},"end":{"line":24,"column":23}}},"fnMap":{},"branchMap":{},"s":{"0":2,"1":2,"2":2},"f":{},"b":{},"_coverageSchema":"1a1c01bbd47fc00a2c39e90264f33305004495a9","hash":"c8f4a0d07469a2fe02fdd6fe2ccc36677da427b2"}
,"C:\\Users\\agusm\\Documents\\GitHub\\rent-a-car\\src\\module\\users\\entity\\user.js": {"path":"C:\\Users\\agusm\\Documents\\GitHub\\rent-a-car\\src\\module\\users\\entity\\user.js","statementMap":{"0":{"start":{"line":1,"column":0},"end":{"line":11,"column":2}},"1":{"start":{"line":7,"column":8},"end":{"line":7,"column":21}},"2":{"start":{"line":8,"column":8},"end":{"line":8,"column":27}},"3":{"start":{"line":9,"column":8},"end":{"line":9,"column":33}}},"fnMap":{"0":{"name":"(anonymous_0)","decl":{"start":{"line":2,"column":4},"end":{"line":2,"column":5}},"loc":{"start":{"line":6,"column":7},"end":{"line":10,"column":5}},"line":6}},"branchMap":{},"s":{"0":4,"1":9,"2":9,"3":9},"f":{"0":9},"b":{},"_coverageSchema":"1a1c01bbd47fc00a2c39e90264f33305004495a9","hash":"716943ff82f88d1096c5fbcfc976baebe97b87f5"}
,"C:\\Users\\agusm\\Documents\\GitHub\\rent-a-car\\src\\module\\users\\mapper\\userMapper.js": {"path":"C:\\Users\\agusm\\Documents\\GitHub\\rent-a-car\\src\\module\\users\\mapper\\userMapper.js","statementMap":{"0":{"start":{"line":1,"column":13},"end":{"line":1,"column":38}},"1":{"start":{"line":8,"column":4},"end":{"line":8,"column":36}},"2":{"start":{"line":11,"column":0},"end":{"line":13,"column":1}}},"fnMap":{"0":{"name":"fromModelToEntity","decl":{"start":{"line":7,"column":9},"end":{"line":7,"column":26}},"loc":{"start":{"line":7,"column":34},"end":{"line":9,"column":1}},"line":7}},"branchMap":{},"s":{"0":2,"1":7,"2":2},"f":{"0":7},"b":{},"_coverageSchema":"1a1c01bbd47fc00a2c39e90264f33305004495a9","hash":"4fa968b4fd0063c3fe87fee27f199958cc2c265e"}
,"C:\\Users\\agusm\\Documents\\GitHub\\rent-a-car\\src\\module\\users\\model\\userModel.js": {"path":"C:\\Users\\agusm\\Documents\\GitHub\\rent-a-car\\src\\module\\users\\model\\userModel.js","statementMap":{"0":{"start":{"line":1,"column":41},"end":{"line":1,"column":61}},"1":{"start":{"line":3,"column":0},"end":{"line":44,"column":1}},"2":{"start":{"line":9,"column":8},"end":{"line":40,"column":10}},"3":{"start":{"line":42,"column":8},"end":{"line":42,"column":25}}},"fnMap":{"0":{"name":"(anonymous_0)","decl":{"start":{"line":8,"column":4},"end":{"line":8,"column":5}},"loc":{"start":{"line":8,"column":36},"end":{"line":43,"column":5}},"line":8}},"branchMap":{},"s":{"0":2,"1":2,"2":8,"3":8},"f":{"0":8},"b":{},"_coverageSchema":"1a1c01bbd47fc00a2c39e90264f33305004495a9","hash":"d215b32a2245708ae8c50495986aa4dbf68dba4f"}
,"C:\\Users\\agusm\\Documents\\GitHub\\rent-a-car\\src\\module\\users\\repository\\orm\\usersRepository.js": {"path":"C:\\Users\\agusm\\Documents\\GitHub\\rent-a-car\\src\\module\\users\\repository\\orm\\usersRepository.js","statementMap":{"0":{"start":{"line":1,"column":31},"end":{"line":1,"column":75}},"1":{"start":{"line":2,"column":30},"end":{"line":2,"column":64}},"2":{"start":{"line":3,"column":26},"end":{"line":3,"column":62}},"3":{"start":{"line":5,"column":0},"end":{"line":72,"column":1}},"4":{"start":{"line":10,"column":8},"end":{"line":10,"column":16}},"5":{"start":{"line":11,"column":8},"end":{"line":11,"column":35}},"6":{"start":{"line":12,"column":8},"end":{"line":12,"column":39}},"7":{"start":{"line":13,"column":8},"end":{"line":13,"column":29}},"8":{"start":{"line":23,"column":31},"end":{"line":23,"column":90}},"9":{"start":{"line":24,"column":29},"end":{"line":24,"column":54}},"10":{"start":{"line":25,"column":8},"end":{"line":28,"column":25}},"11":{"start":{"line":29,"column":8},"end":{"line":29,"column":43}},"12":{"start":{"line":31,"column":8},"end":{"line":31,"column":45}},"13":{"start":{"line":39,"column":8},"end":{"line":48,"column":9}},"14":{"start":{"line":40,"column":30},"end":{"line":42,"column":14}},"15":{"start":{"line":44,"column":12},"end":{"line":44,"column":48}},"16":{"start":{"line":46,"column":12},"end":{"line":46,"column":27}},"17":{"start":{"line":47,"column":12},"end":{"line":47,"column":25}},"18":{"start":{"line":56,"column":8},"end":{"line":65,"column":9}},"19":{"start":{"line":57,"column":30},"end":{"line":59,"column":14}},"20":{"start":{"line":61,"column":12},"end":{"line":61,"column":48}},"21":{"start":{"line":63,"column":12},"end":{"line":63,"column":27}},"22":{"start":{"line":64,"column":12},"end":{"line":64,"column":24}},"23":{"start":{"line":69,"column":22},"end":{"line":69,"column":68}},"24":{"start":{"line":70,"column":8},"end":{"line":70,"column":22}}},"fnMap":{"0":{"name":"(anonymous_0)","decl":{"start":{"line":9,"column":4},"end":{"line":9,"column":5}},"loc":{"start":{"line":9,"column":40},"end":{"line":14,"column":5}},"line":9},"1":{"name":"(anonymous_1)","decl":{"start":{"line":20,"column":4},"end":{"line":20,"column":5}},"loc":{"start":{"line":20,"column":25},"end":{"line":32,"column":5}},"line":20},"2":{"name":"(anonymous_2)","decl":{"start":{"line":38,"column":4},"end":{"line":38,"column":5}},"loc":{"start":{"line":38,"column":32},"end":{"line":49,"column":5}},"line":38},"3":{"name":"(anonymous_3)","decl":{"start":{"line":55,"column":5},"end":{"line":55,"column":6}},"loc":{"start":{"line":55,"column":27},"end":{"line":66,"column":5}},"line":55},"4":{"name":"(anonymous_4)","decl":{"start":{"line":68,"column":4},"end":{"line":68,"column":5}},"loc":{"start":{"line":68,"column":43},"end":{"line":71,"column":5}},"line":68}},"branchMap":{},"s":{"0":1,"1":1,"2":1,"3":1,"4":7,"5":7,"6":7,"7":7,"8":3,"9":3,"10":3,"11":3,"12":3,"13":2,"14":2,"15":1,"16":1,"17":1,"18":2,"19":2,"20":2,"21":1,"22":1,"23":2,"24":2},"f":{"0":7,"1":3,"2":2,"3":2,"4":2},"b":{},"_coverageSchema":"1a1c01bbd47fc00a2c39e90264f33305004495a9","hash":"12f3068e4fe8d5252a3e3aa25a880383847accb4"}
,"C:\\Users\\agusm\\Documents\\GitHub\\rent-a-car\\src\\module\\users\\repository\\orm\\error\\userNotFoundError.js": {"path":"C:\\Users\\agusm\\Documents\\GitHub\\rent-a-car\\src\\module\\users\\repository\\orm\\error\\userNotFoundError.js","statementMap":{"0":{"start":{"line":1,"column":0},"end":{"line":1,"column":58}}},"fnMap":{},"branchMap":{},"s":{"0":1},"f":{},"b":{},"_coverageSchema":"1a1c01bbd47fc00a2c39e90264f33305004495a9","hash":"21154dc812f8e8d28dc36c17ca86830df54ec455"}
,"C:\\Users\\agusm\\Documents\\GitHub\\rent-a-car\\src\\module\\users\\service\\userService.js": {"path":"C:\\Users\\agusm\\Documents\\GitHub\\rent-a-car\\src\\module\\users\\service\\userService.js","statementMap":{"0":{"start":{"line":5,"column":13},"end":{"line":5,"column":38}},"1":{"start":{"line":6,"column":30},"end":{"line":6,"column":70}},"2":{"start":{"line":7,"column":28},"end":{"line":7,"column":66}},"3":{"start":{"line":8,"column":33},"end":{"line":8,"column":76}},"4":{"start":{"line":9,"column":33},"end":{"line":9,"column":76}},"5":{"start":{"line":11,"column":0},"end":{"line":58,"column":1}},"6":{"start":{"line":16,"column":8},"end":{"line":16,"column":44}},"7":{"start":{"line":23,"column":8},"end":{"line":25,"column":9}},"8":{"start":{"line":24,"column":12},"end":{"line":24,"column":44}},"9":{"start":{"line":26,"column":8},"end":{"line":26,"column":49}},"10":{"start":{"line":30,"column":8},"end":{"line":32,"column":9}},"11":{"start":{"line":31,"column":12},"end":{"line":31,"column":46}},"12":{"start":{"line":34,"column":8},"end":{"line":34,"column":51}},"13":{"start":{"line":38,"column":8},"end":{"line":40,"column":9}},"14":{"start":{"line":39,"column":12},"end":{"line":39,"column":49}},"15":{"start":{"line":42,"column":8},"end":{"line":42,"column":57}},"16":{"start":{"line":46,"column":8},"end":{"line":48,"column":9}},"17":{"start":{"line":47,"column":12},"end":{"line":47,"column":49}},"18":{"start":{"line":50,"column":8},"end":{"line":52,"column":9}},"19":{"start":{"line":51,"column":12},"end":{"line":51,"column":49}},"20":{"start":{"line":54,"column":22},"end":{"line":54,"column":70}},"21":{"start":{"line":55,"column":8},"end":{"line":55,"column":22}}},"fnMap":{"0":{"name":"(anonymous_0)","decl":{"start":{"line":15,"column":5},"end":{"line":15,"column":6}},"loc":{"start":{"line":15,"column":33},"end":{"line":17,"column":5}},"line":15},"1":{"name":"(anonymous_1)","decl":{"start":{"line":22,"column":4},"end":{"line":22,"column":5}},"loc":{"start":{"line":22,"column":25},"end":{"line":27,"column":5}},"line":22},"2":{"name":"(anonymous_2)","decl":{"start":{"line":29,"column":4},"end":{"line":29,"column":5}},"loc":{"start":{"line":29,"column":26},"end":{"line":35,"column":5}},"line":29},"3":{"name":"(anonymous_3)","decl":{"start":{"line":37,"column":4},"end":{"line":37,"column":5}},"loc":{"start":{"line":37,"column":32},"end":{"line":43,"column":5}},"line":37},"4":{"name":"(anonymous_4)","decl":{"start":{"line":45,"column":4},"end":{"line":45,"column":5}},"loc":{"start":{"line":45,"column":39},"end":{"line":56,"column":5}},"line":45}},"branchMap":{"0":{"loc":{"start":{"line":23,"column":8},"end":{"line":25,"column":9}},"type":"if","locations":[{"start":{"line":23,"column":8},"end":{"line":25,"column":9}},{"start":{"line":23,"column":8},"end":{"line":25,"column":9}}],"line":23},"1":{"loc":{"start":{"line":30,"column":8},"end":{"line":32,"column":9}},"type":"if","locations":[{"start":{"line":30,"column":8},"end":{"line":32,"column":9}},{"start":{"line":30,"column":8},"end":{"line":32,"column":9}}],"line":30},"2":{"loc":{"start":{"line":38,"column":8},"end":{"line":40,"column":9}},"type":"if","locations":[{"start":{"line":38,"column":8},"end":{"line":40,"column":9}},{"start":{"line":38,"column":8},"end":{"line":40,"column":9}}],"line":38},"3":{"loc":{"start":{"line":46,"column":8},"end":{"line":48,"column":9}},"type":"if","locations":[{"start":{"line":46,"column":8},"end":{"line":48,"column":9}},{"start":{"line":46,"column":8},"end":{"line":48,"column":9}}],"line":46},"4":{"loc":{"start":{"line":50,"column":8},"end":{"line":52,"column":9}},"type":"if","locations":[{"start":{"line":50,"column":8},"end":{"line":52,"column":9}},{"start":{"line":50,"column":8},"end":{"line":52,"column":9}}],"line":50}},"s":{"0":2,"1":2,"2":2,"3":2,"4":2,"5":2,"6":1,"7":2,"8":1,"9":1,"10":2,"11":1,"12":1,"13":2,"14":1,"15":1,"16":2,"17":1,"18":1,"19":0,"20":1,"21":1},"f":{"0":1,"1":2,"2":2,"3":2,"4":2},"b":{"0":[1,1],"1":[1,1],"2":[1,1],"3":[1,1],"4":[0,1]},"_coverageSchema":"1a1c01bbd47fc00a2c39e90264f33305004495a9","hash":"4ed4d31ce2926478efa023ed18007418bcb20101"}
,"C:\\Users\\agusm\\Documents\\GitHub\\rent-a-car\\src\\module\\users\\service\\error\\passwordsParametersError.js": {"path":"C:\\Users\\agusm\\Documents\\GitHub\\rent-a-car\\src\\module\\users\\service\\error\\passwordsParametersError.js","statementMap":{"0":{"start":{"line":1,"column":0},"end":{"line":1,"column":65}}},"fnMap":{},"branchMap":{},"s":{"0":2},"f":{},"b":{},"_coverageSchema":"1a1c01bbd47fc00a2c39e90264f33305004495a9","hash":"50a50781d2a5caf1c5fa1b018d0dbbd2699ca67d"}
,"C:\\Users\\agusm\\Documents\\GitHub\\rent-a-car\\src\\module\\users\\service\\error\\userEmailNotDefinedError.js": {"path":"C:\\Users\\agusm\\Documents\\GitHub\\rent-a-car\\src\\module\\users\\service\\error\\userEmailNotDefinedError.js","statementMap":{"0":{"start":{"line":1,"column":0},"end":{"line":1,"column":65}}},"fnMap":{},"branchMap":{},"s":{"0":2},"f":{},"b":{},"_coverageSchema":"1a1c01bbd47fc00a2c39e90264f33305004495a9","hash":"c566dd33a36eefe6a2aafa5a69ddc53c0aac46a3"}
,"C:\\Users\\agusm\\Documents\\GitHub\\rent-a-car\\src\\module\\users\\service\\error\\userIdNotDefinedError.js": {"path":"C:\\Users\\agusm\\Documents\\GitHub\\rent-a-car\\src\\module\\users\\service\\error\\userIdNotDefinedError.js","statementMap":{"0":{"start":{"line":1,"column":0},"end":{"line":1,"column":62}}},"fnMap":{},"branchMap":{},"s":{"0":2},"f":{},"b":{},"_coverageSchema":"1a1c01bbd47fc00a2c39e90264f33305004495a9","hash":"c54dcee3966309c94160ea5135ae6f6f5bc45761"}
,"C:\\Users\\agusm\\Documents\\GitHub\\rent-a-car\\src\\module\\users\\service\\error\\userNotDefinedError.js": {"path":"C:\\Users\\agusm\\Documents\\GitHub\\rent-a-car\\src\\module\\users\\service\\error\\userNotDefinedError.js","statementMap":{"0":{"start":{"line":1,"column":0},"end":{"line":1,"column":60}}},"fnMap":{},"branchMap":{},"s":{"0":2},"f":{},"b":{},"_coverageSchema":"1a1c01bbd47fc00a2c39e90264f33305004495a9","hash":"9d89f18e80e4ae095946cc4c7702a5c43fa1ee68"}
}
