{"C:\\Users\\agusm\\Documents\\GitHub\\rent-a-car\\src\\app.js": {"path":"C:\\Users\\agusm\\Documents\\GitHub\\rent-a-car\\src\\app.js","statementMap":{"0":{"start":{"line":1,"column":0},"end":{"line":1,"column":26}},"1":{"start":{"line":2,"column":16},"end":{"line":2,"column":34}},"2":{"start":{"line":3,"column":14},"end":{"line":3,"column":38}},"3":{"start":{"line":4,"column":17},"end":{"line":4,"column":36}},"4":{"start":{"line":5,"column":17},"end":{"line":5,"column":36}},"5":{"start":{"line":7,"column":36},"end":{"line":7,"column":58}},"6":{"start":{"line":8,"column":34},"end":{"line":8,"column":66}},"7":{"start":{"line":9,"column":33},"end":{"line":9,"column":64}},"8":{"start":{"line":10,"column":34},"end":{"line":10,"column":66}},"9":{"start":{"line":11,"column":36},"end":{"line":11,"column":70}},"10":{"start":{"line":13,"column":12},"end":{"line":13,"column":21}},"11":{"start":{"line":14,"column":13},"end":{"line":14,"column":37}},"12":{"start":{"line":16,"column":0},"end":{"line":16,"column":46}},"13":{"start":{"line":18,"column":0},"end":{"line":18,"column":45}},"14":{"start":{"line":19,"column":0},"end":{"line":19,"column":46}},"15":{"start":{"line":22,"column":0},"end":{"line":25,"column":3}},"16":{"start":{"line":28,"column":18},"end":{"line":28,"column":50}},"17":{"start":{"line":29,"column":0},"end":{"line":29,"column":34}},"18":{"start":{"line":31,"column":0},"end":{"line":31,"column":17}},"19":{"start":{"line":32,"column":0},"end":{"line":32,"column":31}},"20":{"start":{"line":33,"column":0},"end":{"line":33,"column":28}},"21":{"start":{"line":35,"column":0},"end":{"line":38,"column":3}},"22":{"start":{"line":36,"column":4},"end":{"line":36,"column":31}},"23":{"start":{"line":37,"column":4},"end":{"line":37,"column":11}},"24":{"start":{"line":40,"column":0},"end":{"line":40,"column":32}},"25":{"start":{"line":41,"column":0},"end":{"line":41,"column":31}},"26":{"start":{"line":42,"column":0},"end":{"line":42,"column":32}},"27":{"start":{"line":43,"column":0},"end":{"line":43,"column":34}},"28":{"start":{"line":45,"column":24},"end":{"line":45,"column":56}},"29":{"start":{"line":46,"column":0},"end":{"line":46,"column":58}},"30":{"start":{"line":48,"column":15},"end":{"line":50,"column":2}},"31":{"start":{"line":49,"column":4},"end":{"line":49,"column":80}},"32":{"start":{"line":52,"column":0},"end":{"line":52,"column":33}}},"fnMap":{"0":{"name":"(anonymous_0)","decl":{"start":{"line":35,"column":8},"end":{"line":35,"column":9}},"loc":{"start":{"line":35,"column":28},"end":{"line":38,"column":1}},"line":35},"1":{"name":"(anonymous_1)","decl":{"start":{"line":48,"column":32},"end":{"line":48,"column":33}},"loc":{"start":{"line":48,"column":38},"end":{"line":50,"column":1}},"line":48}},"branchMap":{"0":{"loc":{"start":{"line":14,"column":13},"end":{"line":14,"column":37}},"type":"binary-expr","locations":[{"start":{"line":14,"column":13},"end":{"line":14,"column":29}},{"start":{"line":14,"column":33},"end":{"line":14,"column":37}}],"line":14}},"s":{"0":1,"1":1,"2":1,"3":1,"4":1,"5":1,"6":1,"7":1,"8":1,"9":1,"10":1,"11":1,"12":1,"13":1,"14":1,"15":1,"16":1,"17":1,"18":1,"19":1,"20":1,"21":1,"22":0,"23":0,"24":1,"25":1,"26":1,"27":1,"28":1,"29":1,"30":1,"31":0,"32":1},"f":{"0":0,"1":0},"b":{"0":[1,1]},"_coverageSchema":"1a1c01bbd47fc00a2c39e90264f33305004495a9","hash":"b045e49ccd65caa746fd17bdfba297fb191f9433"}
,"C:\\Users\\agusm\\Documents\\GitHub\\rent-a-car\\src\\module\\cars\\controller\\abstractController.js": {"path":"C:\\Users\\agusm\\Documents\\GitHub\\rent-a-car\\src\\module\\cars\\controller\\abstractController.js","statementMap":{"0":{"start":{"line":1,"column":32},"end":{"line":1,"column":74}},"1":{"start":{"line":3,"column":0},"end":{"line":9,"column":2}},"2":{"start":{"line":5,"column":8},"end":{"line":7,"column":9}},"3":{"start":{"line":6,"column":12},"end":{"line":6,"column":48}}},"fnMap":{"0":{"name":"(anonymous_0)","decl":{"start":{"line":4,"column":4},"end":{"line":4,"column":5}},"loc":{"start":{"line":4,"column":18},"end":{"line":8,"column":5}},"line":4}},"branchMap":{"0":{"loc":{"start":{"line":5,"column":8},"end":{"line":7,"column":9}},"type":"if","locations":[{"start":{"line":5,"column":8},"end":{"line":7,"column":9}},{"start":{"line":5,"column":8},"end":{"line":7,"column":9}}],"line":5}},"s":{"0":2,"1":2,"2":4,"3":1},"f":{"0":4},"b":{"0":[1,3]},"_coverageSchema":"1a1c01bbd47fc00a2c39e90264f33305004495a9","hash":"7bb49152771cec4156583ce971528f20643d02e8"}
,"C:\\Users\\agusm\\Documents\\GitHub\\rent-a-car\\src\\module\\cars\\controller\\carsController.js": {"path":"C:\\Users\\agusm\\Documents\\GitHub\\rent-a-car\\src\\module\\cars\\controller\\carsController.js","statementMap":{"0":{"start":{"line":1,"column":29},"end":{"line":1,"column":59}},"1":{"start":{"line":2,"column":27},"end":{"line":2,"column":58}},"2":{"start":{"line":5,"column":0},"end":{"line":106,"column":1}},"3":{"start":{"line":10,"column":8},"end":{"line":10,"column":16}},"4":{"start":{"line":11,"column":8},"end":{"line":11,"column":36}},"5":{"start":{"line":12,"column":8},"end":{"line":12,"column":49}},"6":{"start":{"line":13,"column":8},"end":{"line":13,"column":39}},"7":{"start":{"line":20,"column":22},"end":{"line":20,"column":37}},"8":{"start":{"line":22,"column":8},"end":{"line":22,"column":63}},"9":{"start":{"line":23,"column":8},"end":{"line":23,"column":65}},"10":{"start":{"line":24,"column":8},"end":{"line":24,"column":109}},"11":{"start":{"line":25,"column":8},"end":{"line":25,"column":71}},"12":{"start":{"line":26,"column":8},"end":{"line":26,"column":69}},"13":{"start":{"line":36,"column":20},"end":{"line":36,"column":55}},"14":{"start":{"line":37,"column":8},"end":{"line":37,"column":146}},"15":{"start":{"line":45,"column":8},"end":{"line":45,"column":131}},"16":{"start":{"line":53,"column":8},"end":{"line":70,"column":9}},"17":{"start":{"line":54,"column":24},"end":{"line":54,"column":50}},"18":{"start":{"line":55,"column":12},"end":{"line":55,"column":33}},"19":{"start":{"line":56,"column":12},"end":{"line":59,"column":13}},"20":{"start":{"line":57,"column":33},"end":{"line":57,"column":41}},"21":{"start":{"line":58,"column":16},"end":{"line":58,"column":36}},"22":{"start":{"line":60,"column":29},"end":{"line":60,"column":64}},"23":{"start":{"line":61,"column":12},"end":{"line":65,"column":13}},"24":{"start":{"line":62,"column":16},"end":{"line":62,"column":91}},"25":{"start":{"line":64,"column":16},"end":{"line":64,"column":113}},"26":{"start":{"line":66,"column":12},"end":{"line":66,"column":56}},"27":{"start":{"line":68,"column":12},"end":{"line":68,"column":54}},"28":{"start":{"line":69,"column":12},"end":{"line":69,"column":56}},"29":{"start":{"line":78,"column":8},"end":{"line":85,"column":9}},"30":{"start":{"line":79,"column":27},"end":{"line":79,"column":37}},"31":{"start":{"line":80,"column":24},"end":{"line":80,"column":61}},"32":{"start":{"line":81,"column":12},"end":{"line":81,"column":50}},"33":{"start":{"line":82,"column":12},"end":{"line":82,"column":135}},"34":{"start":{"line":84,"column":12},"end":{"line":84,"column":27}},"35":{"start":{"line":86,"column":8},"end":{"line":86,"column":51}},"36":{"start":{"line":94,"column":23},"end":{"line":94,"column":33}},"37":{"start":{"line":95,"column":8},"end":{"line":97,"column":9}},"38":{"start":{"line":96,"column":12},"end":{"line":96,"column":67}},"39":{"start":{"line":98,"column":8},"end":{"line":104,"column":9}},"40":{"start":{"line":99,"column":24},"end":{"line":99,"column":61}},"41":{"start":{"line":100,"column":12},"end":{"line":100,"column":64}},"42":{"start":{"line":102,"column":12},"end":{"line":102,"column":27}},"43":{"start":{"line":103,"column":12},"end":{"line":103,"column":56}}},"fnMap":{"0":{"name":"(anonymous_0)","decl":{"start":{"line":9,"column":4},"end":{"line":9,"column":5}},"loc":{"start":{"line":9,"column":47},"end":{"line":14,"column":5}},"line":9},"1":{"name":"(anonymous_1)","decl":{"start":{"line":19,"column":4},"end":{"line":19,"column":5}},"loc":{"start":{"line":19,"column":25},"end":{"line":28,"column":5}},"line":19},"2":{"name":"(anonymous_2)","decl":{"start":{"line":35,"column":4},"end":{"line":35,"column":5}},"loc":{"start":{"line":35,"column":29},"end":{"line":38,"column":5}},"line":35},"3":{"name":"(anonymous_3)","decl":{"start":{"line":44,"column":4},"end":{"line":44,"column":5}},"loc":{"start":{"line":44,"column":29},"end":{"line":46,"column":5}},"line":44},"4":{"name":"(anonymous_4)","decl":{"start":{"line":52,"column":4},"end":{"line":52,"column":5}},"loc":{"start":{"line":52,"column":29},"end":{"line":71,"column":5}},"line":52},"5":{"name":"(anonymous_5)","decl":{"start":{"line":77,"column":4},"end":{"line":77,"column":5}},"loc":{"start":{"line":77,"column":31},"end":{"line":87,"column":5}},"line":77},"6":{"name":"(anonymous_6)","decl":{"start":{"line":93,"column":4},"end":{"line":93,"column":5}},"loc":{"start":{"line":93,"column":31},"end":{"line":105,"column":5}},"line":93}},"branchMap":{"0":{"loc":{"start":{"line":56,"column":12},"end":{"line":59,"column":13}},"type":"if","locations":[{"start":{"line":56,"column":12},"end":{"line":59,"column":13}},{"start":{"line":56,"column":12},"end":{"line":59,"column":13}}],"line":56},"1":{"loc":{"start":{"line":61,"column":12},"end":{"line":65,"column":13}},"type":"if","locations":[{"start":{"line":61,"column":12},"end":{"line":65,"column":13}},{"start":{"line":61,"column":12},"end":{"line":65,"column":13}}],"line":61},"2":{"loc":{"start":{"line":95,"column":8},"end":{"line":97,"column":9}},"type":"if","locations":[{"start":{"line":95,"column":8},"end":{"line":97,"column":9}},{"start":{"line":95,"column":8},"end":{"line":97,"column":9}}],"line":95}},"s":{"0":1,"1":1,"2":1,"3":2,"4":2,"5":2,"6":2,"7":1,"8":1,"9":1,"10":1,"11":1,"12":1,"13":1,"14":1,"15":1,"16":3,"17":3,"18":3,"19":3,"20":3,"21":3,"22":3,"23":3,"24":1,"25":2,"26":2,"27":1,"28":1,"29":1,"30":1,"31":1,"32":1,"33":1,"34":0,"35":1,"36":3,"37":3,"38":1,"39":2,"40":2,"41":1,"42":1,"43":1},"f":{"0":2,"1":1,"2":1,"3":1,"4":3,"5":1,"6":3},"b":{"0":[3,0],"1":[1,2],"2":[1,2]},"_coverageSchema":"1a1c01bbd47fc00a2c39e90264f33305004495a9","hash":"e453369f40011e31dad050a2320adddcca19ff82"}
,"C:\\Users\\agusm\\Documents\\GitHub\\rent-a-car\\src\\module\\cars\\controller\\error\\abstractControllerError.js": {"path":"C:\\Users\\agusm\\Documents\\GitHub\\rent-a-car\\src\\module\\cars\\controller\\error\\abstractControllerError.js","statementMap":{"0":{"start":{"line":1,"column":0},"end":{"line":1,"column":64}}},"fnMap":{},"branchMap":{},"s":{"0":2},"f":{},"b":{},"_coverageSchema":"1a1c01bbd47fc00a2c39e90264f33305004495a9","hash":"8998fccacc207a75fd8ca736f9a3d3937a7d1947"}
,"C:\\Users\\agusm\\Documents\\GitHub\\rent-a-car\\src\\module\\cars\\entity\\car.js": {"path":"C:\\Users\\agusm\\Documents\\GitHub\\rent-a-car\\src\\module\\cars\\entity\\car.js","statementMap":{"0":{"start":{"line":1,"column":0},"end":{"line":27,"column":2}},"1":{"start":{"line":15,"column":8},"end":{"line":15,"column":21}},"2":{"start":{"line":16,"column":8},"end":{"line":16,"column":27}},"3":{"start":{"line":17,"column":8},"end":{"line":17,"column":27}},"4":{"start":{"line":18,"column":8},"end":{"line":18,"column":33}},"5":{"start":{"line":19,"column":8},"end":{"line":19,"column":49}},"6":{"start":{"line":20,"column":8},"end":{"line":20,"column":23}},"7":{"start":{"line":21,"column":8},"end":{"line":21,"column":27}},"8":{"start":{"line":22,"column":8},"end":{"line":22,"column":45}},"9":{"start":{"line":23,"column":8},"end":{"line":23,"column":37}},"10":{"start":{"line":24,"column":8},"end":{"line":24,"column":41}},"11":{"start":{"line":25,"column":8},"end":{"line":25,"column":25}}},"fnMap":{"0":{"name":"(anonymous_0)","decl":{"start":{"line":2,"column":4},"end":{"line":2,"column":5}},"loc":{"start":{"line":14,"column":7},"end":{"line":26,"column":5}},"line":14}},"branchMap":{},"s":{"0":5,"1":24,"2":24,"3":24,"4":24,"5":24,"6":24,"7":24,"8":24,"9":24,"10":24,"11":24},"f":{"0":24},"b":{},"_coverageSchema":"1a1c01bbd47fc00a2c39e90264f33305004495a9","hash":"91f70dccf42648bae0fabec1160e3d06986aa596"}
,"C:\\Users\\agusm\\Documents\\GitHub\\rent-a-car\\src\\module\\cars\\mapper\\carMapper.js": {"path":"C:\\Users\\agusm\\Documents\\GitHub\\rent-a-car\\src\\module\\cars\\mapper\\carMapper.js","statementMap":{"0":{"start":{"line":1,"column":12},"end":{"line":1,"column":36}},"1":{"start":{"line":16,"column":4},"end":{"line":28,"column":7}},"2":{"start":{"line":36,"column":4},"end":{"line":36,"column":35}},"3":{"start":{"line":39,"column":0},"end":{"line":42,"column":2}}},"fnMap":{"0":{"name":"fromDataToEntity","decl":{"start":{"line":3,"column":9},"end":{"line":3,"column":25}},"loc":{"start":{"line":15,"column":3},"end":{"line":29,"column":1}},"line":15},"1":{"name":"fromModelToEntity","decl":{"start":{"line":35,"column":9},"end":{"line":35,"column":26}},"loc":{"start":{"line":35,"column":34},"end":{"line":37,"column":1}},"line":35}},"branchMap":{},"s":{"0":3,"1":4,"2":11,"3":3},"f":{"0":4,"1":11},"b":{},"_coverageSchema":"1a1c01bbd47fc00a2c39e90264f33305004495a9","hash":"374863746b53952052c111bfb744b47d8d70b39f"}
,"C:\\Users\\agusm\\Documents\\GitHub\\rent-a-car\\src\\module\\cars\\model\\carModel.js": {"path":"C:\\Users\\agusm\\Documents\\GitHub\\rent-a-car\\src\\module\\cars\\model\\carModel.js","statementMap":{"0":{"start":{"line":1,"column":41},"end":{"line":1,"column":61}},"1":{"start":{"line":3,"column":0},"end":{"line":75,"column":1}},"2":{"start":{"line":9,"column":8},"end":{"line":71,"column":10}},"3":{"start":{"line":73,"column":8},"end":{"line":73,"column":24}}},"fnMap":{"0":{"name":"(anonymous_0)","decl":{"start":{"line":8,"column":4},"end":{"line":8,"column":5}},"loc":{"start":{"line":8,"column":36},"end":{"line":74,"column":5}},"line":8}},"branchMap":{},"s":{"0":4,"1":4,"2":7,"3":7},"f":{"0":7},"b":{},"_coverageSchema":"1a1c01bbd47fc00a2c39e90264f33305004495a9","hash":"f84ca24124753c517a6b0956a49f74ba64dc0a49"}
,"C:\\Users\\agusm\\Documents\\GitHub\\rent-a-car\\src\\module\\cars\\repository\\orm\\carsRepository.js": {"path":"C:\\Users\\agusm\\Documents\\GitHub\\rent-a-car\\src\\module\\cars\\repository\\orm\\carsRepository.js","statementMap":{"0":{"start":{"line":1,"column":30},"end":{"line":1,"column":63}},"1":{"start":{"line":2,"column":31},"end":{"line":2,"column":75}},"2":{"start":{"line":3,"column":25},"end":{"line":3,"column":60}},"3":{"start":{"line":4,"column":29},"end":{"line":4,"column":68}},"4":{"start":{"line":6,"column":0},"end":{"line":63,"column":2}},"5":{"start":{"line":11,"column":8},"end":{"line":11,"column":16}},"6":{"start":{"line":12,"column":8},"end":{"line":12,"column":33}},"7":{"start":{"line":22,"column":29},"end":{"line":22,"column":53}},"8":{"start":{"line":23,"column":8},"end":{"line":23,"column":58}},"9":{"start":{"line":24,"column":8},"end":{"line":24,"column":41}},"10":{"start":{"line":26,"column":8},"end":{"line":26,"column":43}},"11":{"start":{"line":34,"column":8},"end":{"line":36,"column":9}},"12":{"start":{"line":35,"column":12},"end":{"line":35,"column":45}},"13":{"start":{"line":37,"column":8},"end":{"line":37,"column":79}},"14":{"start":{"line":45,"column":25},"end":{"line":47,"column":10}},"15":{"start":{"line":49,"column":8},"end":{"line":51,"column":9}},"16":{"start":{"line":50,"column":12},"end":{"line":50,"column":41}},"17":{"start":{"line":53,"column":8},"end":{"line":53,"column":43}},"18":{"start":{"line":60,"column":21},"end":{"line":60,"column":50}},"19":{"start":{"line":61,"column":8},"end":{"line":61,"column":43}}},"fnMap":{"0":{"name":"(anonymous_0)","decl":{"start":{"line":10,"column":4},"end":{"line":10,"column":5}},"loc":{"start":{"line":10,"column":26},"end":{"line":13,"column":5}},"line":10},"1":{"name":"(anonymous_1)","decl":{"start":{"line":19,"column":4},"end":{"line":19,"column":5}},"loc":{"start":{"line":19,"column":23},"end":{"line":27,"column":5}},"line":19},"2":{"name":"(anonymous_2)","decl":{"start":{"line":33,"column":4},"end":{"line":33,"column":5}},"loc":{"start":{"line":33,"column":25},"end":{"line":38,"column":5}},"line":33},"3":{"name":"(anonymous_3)","decl":{"start":{"line":44,"column":4},"end":{"line":44,"column":5}},"loc":{"start":{"line":44,"column":25},"end":{"line":54,"column":5}},"line":44},"4":{"name":"(anonymous_4)","decl":{"start":{"line":59,"column":4},"end":{"line":59,"column":5}},"loc":{"start":{"line":59,"column":23},"end":{"line":62,"column":5}},"line":59}},"branchMap":{"0":{"loc":{"start":{"line":34,"column":8},"end":{"line":36,"column":9}},"type":"if","locations":[{"start":{"line":34,"column":8},"end":{"line":36,"column":9}},{"start":{"line":34,"column":8},"end":{"line":36,"column":9}}],"line":34},"1":{"loc":{"start":{"line":34,"column":11},"end":{"line":34,"column":26}},"type":"binary-expr","locations":[{"start":{"line":34,"column":11},"end":{"line":34,"column":15}},{"start":{"line":34,"column":19},"end":{"line":34,"column":26}}],"line":34},"2":{"loc":{"start":{"line":49,"column":8},"end":{"line":51,"column":9}},"type":"if","locations":[{"start":{"line":49,"column":8},"end":{"line":51,"column":9}},{"start":{"line":49,"column":8},"end":{"line":51,"column":9}}],"line":49}},"s":{"0":2,"1":2,"2":2,"3":2,"4":2,"5":2,"6":2,"7":7,"8":7,"9":7,"10":7,"11":4,"12":2,"13":2,"14":2,"15":2,"16":1,"17":1,"18":1,"19":1},"f":{"0":2,"1":7,"2":4,"3":2,"4":1},"b":{"0":[2,2],"1":[4,3],"2":[1,1]},"_coverageSchema":"1a1c01bbd47fc00a2c39e90264f33305004495a9","hash":"5426b63c72470334f4d4fcd0c2ba559d0ab31052"}
,"C:\\Users\\agusm\\Documents\\GitHub\\rent-a-car\\src\\module\\cars\\repository\\orm\\abstract\\abstractCarsRepository.js": {"path":"C:\\Users\\agusm\\Documents\\GitHub\\rent-a-car\\src\\module\\cars\\repository\\orm\\abstract\\abstractCarsRepository.js","statementMap":{"0":{"start":{"line":1,"column":36},"end":{"line":1,"column":79}},"1":{"start":{"line":3,"column":0},"end":{"line":33,"column":2}},"2":{"start":{"line":5,"column":8},"end":{"line":9,"column":9}},"3":{"start":{"line":6,"column":12},"end":{"line":8,"column":13}}},"fnMap":{"0":{"name":"(anonymous_0)","decl":{"start":{"line":4,"column":4},"end":{"line":4,"column":5}},"loc":{"start":{"line":4,"column":18},"end":{"line":10,"column":5}},"line":4},"1":{"name":"(anonymous_1)","decl":{"start":{"line":16,"column":4},"end":{"line":16,"column":5}},"loc":{"start":{"line":16,"column":23},"end":{"line":16,"column":25}},"line":16},"2":{"name":"(anonymous_2)","decl":{"start":{"line":21,"column":4},"end":{"line":21,"column":5}},"loc":{"start":{"line":21,"column":24},"end":{"line":21,"column":26}},"line":21},"3":{"name":"(anonymous_3)","decl":{"start":{"line":27,"column":4},"end":{"line":27,"column":5}},"loc":{"start":{"line":27,"column":25},"end":{"line":27,"column":27}},"line":27},"4":{"name":"(anonymous_4)","decl":{"start":{"line":32,"column":4},"end":{"line":32,"column":5}},"loc":{"start":{"line":32,"column":23},"end":{"line":32,"column":25}},"line":32}},"branchMap":{"0":{"loc":{"start":{"line":5,"column":8},"end":{"line":9,"column":9}},"type":"if","locations":[{"start":{"line":5,"column":8},"end":{"line":9,"column":9}},{"start":{"line":5,"column":8},"end":{"line":9,"column":9}}],"line":5}},"s":{"0":3,"1":3,"2":4,"3":1},"f":{"0":4,"1":0,"2":0,"3":0,"4":0},"b":{"0":[1,3]},"_coverageSchema":"1a1c01bbd47fc00a2c39e90264f33305004495a9","hash":"e2e45190cd11d71de94b738e85b62f5f6e5d80a6"}
,"C:\\Users\\agusm\\Documents\\GitHub\\rent-a-car\\src\\module\\cars\\repository\\orm\\error\\abstractRepositoryError.js": {"path":"C:\\Users\\agusm\\Documents\\GitHub\\rent-a-car\\src\\module\\cars\\repository\\orm\\error\\abstractRepositoryError.js","statementMap":{"0":{"start":{"line":1,"column":0},"end":{"line":1,"column":64}}},"fnMap":{},"branchMap":{},"s":{"0":3},"f":{},"b":{},"_coverageSchema":"1a1c01bbd47fc00a2c39e90264f33305004495a9","hash":"09ad1c4c65455c777657ba6faeaa9477075383a8"}
,"C:\\Users\\agusm\\Documents\\GitHub\\rent-a-car\\src\\module\\cars\\repository\\orm\\error\\carIdNotDefinedError.js": {"path":"C:\\Users\\agusm\\Documents\\GitHub\\rent-a-car\\src\\module\\cars\\repository\\orm\\error\\carIdNotDefinedError.js","statementMap":{"0":{"start":{"line":1,"column":0},"end":{"line":1,"column":58}}},"fnMap":{},"branchMap":{},"s":{"0":2},"f":{},"b":{},"_coverageSchema":"1a1c01bbd47fc00a2c39e90264f33305004495a9","hash":"68236511c5d353b09c7bc3ecb6e39f6a159f091f"}
,"C:\\Users\\agusm\\Documents\\GitHub\\rent-a-car\\src\\module\\cars\\repository\\orm\\error\\carNotFoundError.js": {"path":"C:\\Users\\agusm\\Documents\\GitHub\\rent-a-car\\src\\module\\cars\\repository\\orm\\error\\carNotFoundError.js","statementMap":{"0":{"start":{"line":1,"column":0},"end":{"line":1,"column":58}}},"fnMap":{},"branchMap":{},"s":{"0":3},"f":{},"b":{},"_coverageSchema":"1a1c01bbd47fc00a2c39e90264f33305004495a9","hash":"273ec3435378dc5a4763736fed500bf900f96f6a"}
,"C:\\Users\\agusm\\Documents\\GitHub\\rent-a-car\\src\\module\\cars\\service\\carsService.js": {"path":"C:\\Users\\agusm\\Documents\\GitHub\\rent-a-car\\src\\module\\cars\\service\\carsService.js","statementMap":{"0":{"start":{"line":5,"column":12},"end":{"line":5,"column":36}},"1":{"start":{"line":6,"column":27},"end":{"line":6,"column":64}},"2":{"start":{"line":7,"column":29},"end":{"line":7,"column":68}},"3":{"start":{"line":10,"column":0},"end":{"line":54,"column":2}},"4":{"start":{"line":15,"column":8},"end":{"line":15,"column":44}},"5":{"start":{"line":22,"column":8},"end":{"line":24,"column":9}},"6":{"start":{"line":23,"column":12},"end":{"line":23,"column":43}},"7":{"start":{"line":25,"column":8},"end":{"line":25,"column":47}},"8":{"start":{"line":32,"column":8},"end":{"line":34,"column":9}},"9":{"start":{"line":33,"column":12},"end":{"line":33,"column":43}},"10":{"start":{"line":36,"column":8},"end":{"line":36,"column":50}},"11":{"start":{"line":41,"column":8},"end":{"line":43,"column":9}},"12":{"start":{"line":42,"column":12},"end":{"line":42,"column":45}},"13":{"start":{"line":45,"column":8},"end":{"line":45,"column":50}},"14":{"start":{"line":52,"column":8},"end":{"line":52,"column":48}}},"fnMap":{"0":{"name":"(anonymous_0)","decl":{"start":{"line":14,"column":4},"end":{"line":14,"column":5}},"loc":{"start":{"line":14,"column":32},"end":{"line":16,"column":5}},"line":14},"1":{"name":"(anonymous_1)","decl":{"start":{"line":21,"column":4},"end":{"line":21,"column":5}},"loc":{"start":{"line":21,"column":23},"end":{"line":26,"column":5}},"line":21},"2":{"name":"(anonymous_2)","decl":{"start":{"line":31,"column":4},"end":{"line":31,"column":5}},"loc":{"start":{"line":31,"column":25},"end":{"line":37,"column":5}},"line":31},"3":{"name":"(anonymous_3)","decl":{"start":{"line":40,"column":4},"end":{"line":40,"column":5}},"loc":{"start":{"line":40,"column":25},"end":{"line":46,"column":5}},"line":40},"4":{"name":"(anonymous_4)","decl":{"start":{"line":51,"column":4},"end":{"line":51,"column":5}},"loc":{"start":{"line":51,"column":23},"end":{"line":53,"column":5}},"line":51}},"branchMap":{"0":{"loc":{"start":{"line":22,"column":8},"end":{"line":24,"column":9}},"type":"if","locations":[{"start":{"line":22,"column":8},"end":{"line":24,"column":9}},{"start":{"line":22,"column":8},"end":{"line":24,"column":9}}],"line":22},"1":{"loc":{"start":{"line":32,"column":8},"end":{"line":34,"column":9}},"type":"if","locations":[{"start":{"line":32,"column":8},"end":{"line":34,"column":9}},{"start":{"line":32,"column":8},"end":{"line":34,"column":9}}],"line":32},"2":{"loc":{"start":{"line":41,"column":8},"end":{"line":43,"column":9}},"type":"if","locations":[{"start":{"line":41,"column":8},"end":{"line":43,"column":9}},{"start":{"line":41,"column":8},"end":{"line":43,"column":9}}],"line":41}},"s":{"0":2,"1":2,"2":2,"3":2,"4":2,"5":2,"6":1,"7":1,"8":2,"9":1,"10":1,"11":2,"12":1,"13":1,"14":1},"f":{"0":2,"1":2,"2":2,"3":2,"4":1},"b":{"0":[1,1],"1":[1,1],"2":[1,1]},"_coverageSchema":"1a1c01bbd47fc00a2c39e90264f33305004495a9","hash":"4ceb7a4887d5f9262463e10a324df0e25ef65b24"}
,"C:\\Users\\agusm\\Documents\\GitHub\\rent-a-car\\src\\module\\cars\\service\\error\\carIdNotDefinedError.js": {"path":"C:\\Users\\agusm\\Documents\\GitHub\\rent-a-car\\src\\module\\cars\\service\\error\\carIdNotDefinedError.js","statementMap":{"0":{"start":{"line":1,"column":0},"end":{"line":1,"column":59}}},"fnMap":{},"branchMap":{},"s":{"0":2},"f":{},"b":{},"_coverageSchema":"1a1c01bbd47fc00a2c39e90264f33305004495a9","hash":"b130708e2d3c133d2b8be1c80746ec03a3e35f89"}
,"C:\\Users\\agusm\\Documents\\GitHub\\rent-a-car\\src\\module\\cars\\service\\error\\carNotDefinedError.js": {"path":"C:\\Users\\agusm\\Documents\\GitHub\\rent-a-car\\src\\module\\cars\\service\\error\\carNotDefinedError.js","statementMap":{"0":{"start":{"line":1,"column":0},"end":{"line":1,"column":59}}},"fnMap":{},"branchMap":{},"s":{"0":2},"f":{},"b":{},"_coverageSchema":"1a1c01bbd47fc00a2c39e90264f33305004495a9","hash":"6b45ece2d72a101c57f0fd0a58eba7c313b463ef"}
,"C:\\Users\\agusm\\Documents\\GitHub\\rent-a-car\\src\\module\\clients\\entity\\client.js": {"path":"C:\\Users\\agusm\\Documents\\GitHub\\rent-a-car\\src\\module\\clients\\entity\\client.js","statementMap":{"0":{"start":{"line":1,"column":0},"end":{"line":25,"column":2}},"1":{"start":{"line":14,"column":8},"end":{"line":14,"column":21}},"2":{"start":{"line":15,"column":8},"end":{"line":15,"column":25}},"3":{"start":{"line":16,"column":8},"end":{"line":16,"column":33}},"4":{"start":{"line":17,"column":8},"end":{"line":17,"column":45}},"5":{"start":{"line":18,"column":8},"end":{"line":18,"column":49}},"6":{"start":{"line":19,"column":8},"end":{"line":19,"column":39}},"7":{"start":{"line":20,"column":8},"end":{"line":20,"column":31}},"8":{"start":{"line":21,"column":8},"end":{"line":21,"column":27}},"9":{"start":{"line":22,"column":8},"end":{"line":22,"column":27}},"10":{"start":{"line":23,"column":8},"end":{"line":23,"column":33}}},"fnMap":{"0":{"name":"(anonymous_0)","decl":{"start":{"line":2,"column":4},"end":{"line":2,"column":5}},"loc":{"start":{"line":13,"column":7},"end":{"line":24,"column":5}},"line":13}},"branchMap":{},"s":{"0":3,"1":12,"2":12,"3":12,"4":12,"5":12,"6":12,"7":12,"8":12,"9":12,"10":12},"f":{"0":12},"b":{},"_coverageSchema":"1a1c01bbd47fc00a2c39e90264f33305004495a9","hash":"c326563f114ac580aef9bfc2b7bdc4eded71f64a"}
,"C:\\Users\\agusm\\Documents\\GitHub\\rent-a-car\\src\\module\\clients\\model\\clientModel.js": {"path":"C:\\Users\\agusm\\Documents\\GitHub\\rent-a-car\\src\\module\\clients\\model\\clientModel.js","statementMap":{"0":{"start":{"line":1,"column":41},"end":{"line":1,"column":61}},"1":{"start":{"line":3,"column":0},"end":{"line":72,"column":1}},"2":{"start":{"line":9,"column":8},"end":{"line":68,"column":10}},"3":{"start":{"line":70,"column":8},"end":{"line":70,"column":27}}},"fnMap":{"0":{"name":"(anonymous_0)","decl":{"start":{"line":8,"column":4},"end":{"line":8,"column":5}},"loc":{"start":{"line":8,"column":36},"end":{"line":71,"column":5}},"line":8}},"branchMap":{},"s":{"0":3,"1":3,"2":6,"3":6},"f":{"0":6},"b":{},"_coverageSchema":"1a1c01bbd47fc00a2c39e90264f33305004495a9","hash":"83bf9f6e47b31c48a935e8b479e3d411869ac2b2"}
,"C:\\Users\\agusm\\Documents\\GitHub\\rent-a-car\\src\\module\\clients\\repository\\orm\\clientsRepository.js": {"path":"C:\\Users\\agusm\\Documents\\GitHub\\rent-a-car\\src\\module\\clients\\repository\\orm\\clientsRepository.js","statementMap":{"0":{"start":{"line":1,"column":34},"end":{"line":1,"column":86}},"1":{"start":{"line":2,"column":30},"end":{"line":2,"column":66}},"2":{"start":{"line":3,"column":28},"end":{"line":3,"column":66}},"3":{"start":{"line":4,"column":32},"end":{"line":4,"column":74}},"4":{"start":{"line":6,"column":0},"end":{"line":60,"column":1}},"5":{"start":{"line":11,"column":8},"end":{"line":11,"column":16}},"6":{"start":{"line":12,"column":8},"end":{"line":12,"column":39}},"7":{"start":{"line":22,"column":29},"end":{"line":22,"column":56}},"8":{"start":{"line":23,"column":8},"end":{"line":23,"column":67}},"9":{"start":{"line":24,"column":8},"end":{"line":24,"column":47}},"10":{"start":{"line":26,"column":8},"end":{"line":26,"column":46}},"11":{"start":{"line":34,"column":8},"end":{"line":36,"column":9}},"12":{"start":{"line":35,"column":12},"end":{"line":35,"column":48}},"13":{"start":{"line":37,"column":8},"end":{"line":37,"column":85}},"14":{"start":{"line":45,"column":28},"end":{"line":47,"column":10}},"15":{"start":{"line":49,"column":8},"end":{"line":51,"column":9}},"16":{"start":{"line":50,"column":12},"end":{"line":50,"column":43}},"17":{"start":{"line":53,"column":8},"end":{"line":53,"column":46}},"18":{"start":{"line":57,"column":24},"end":{"line":57,"column":56}},"19":{"start":{"line":58,"column":8},"end":{"line":58,"column":46}}},"fnMap":{"0":{"name":"(anonymous_0)","decl":{"start":{"line":10,"column":4},"end":{"line":10,"column":5}},"loc":{"start":{"line":10,"column":29},"end":{"line":13,"column":5}},"line":10},"1":{"name":"(anonymous_1)","decl":{"start":{"line":19,"column":4},"end":{"line":19,"column":5}},"loc":{"start":{"line":19,"column":29},"end":{"line":27,"column":5}},"line":19},"2":{"name":"(anonymous_2)","decl":{"start":{"line":33,"column":4},"end":{"line":33,"column":5}},"loc":{"start":{"line":33,"column":31},"end":{"line":38,"column":5}},"line":33},"3":{"name":"(anonymous_3)","decl":{"start":{"line":44,"column":4},"end":{"line":44,"column":5}},"loc":{"start":{"line":44,"column":28},"end":{"line":54,"column":5}},"line":44},"4":{"name":"(anonymous_4)","decl":{"start":{"line":56,"column":4},"end":{"line":56,"column":5}},"loc":{"start":{"line":56,"column":26},"end":{"line":59,"column":5}},"line":56}},"branchMap":{"0":{"loc":{"start":{"line":34,"column":8},"end":{"line":36,"column":9}},"type":"if","locations":[{"start":{"line":34,"column":8},"end":{"line":36,"column":9}},{"start":{"line":34,"column":8},"end":{"line":36,"column":9}}],"line":34},"1":{"loc":{"start":{"line":34,"column":11},"end":{"line":34,"column":32}},"type":"binary-expr","locations":[{"start":{"line":34,"column":11},"end":{"line":34,"column":18}},{"start":{"line":34,"column":22},"end":{"line":34,"column":32}}],"line":34},"2":{"loc":{"start":{"line":49,"column":8},"end":{"line":51,"column":9}},"type":"if","locations":[{"start":{"line":49,"column":8},"end":{"line":51,"column":9}},{"start":{"line":49,"column":8},"end":{"line":51,"column":9}}],"line":49}},"s":{"0":2,"1":2,"2":2,"3":2,"4":2,"5":2,"6":2,"7":7,"8":7,"9":7,"10":7,"11":4,"12":2,"13":2,"14":2,"15":2,"16":1,"17":1,"18":1,"19":1},"f":{"0":2,"1":7,"2":4,"3":2,"4":1},"b":{"0":[2,2],"1":[4,3],"2":[1,1]},"_coverageSchema":"1a1c01bbd47fc00a2c39e90264f33305004495a9","hash":"bf7e02c00e0a5c986376b3078d5c40bc711a03fd"}
,"C:\\Users\\agusm\\Documents\\GitHub\\rent-a-car\\src\\module\\clients\\repository\\orm\\error\\clientIdNotDefinedError.js": {"path":"C:\\Users\\agusm\\Documents\\GitHub\\rent-a-car\\src\\module\\clients\\repository\\orm\\error\\clientIdNotDefinedError.js","statementMap":{"0":{"start":{"line":1,"column":0},"end":{"line":1,"column":64}}},"fnMap":{},"branchMap":{},"s":{"0":2},"f":{},"b":{},"_coverageSchema":"1a1c01bbd47fc00a2c39e90264f33305004495a9","hash":"f1825749951fda008227ff71f19584fbbc188e36"}
,"C:\\Users\\agusm\\Documents\\GitHub\\rent-a-car\\src\\module\\clients\\repository\\orm\\error\\clientNotFoundError.js": {"path":"C:\\Users\\agusm\\Documents\\GitHub\\rent-a-car\\src\\module\\clients\\repository\\orm\\error\\clientNotFoundError.js","statementMap":{"0":{"start":{"line":1,"column":0},"end":{"line":1,"column":60}}},"fnMap":{},"branchMap":{},"s":{"0":2},"f":{},"b":{},"_coverageSchema":"1a1c01bbd47fc00a2c39e90264f33305004495a9","hash":"cfecf2f255c470dac893437196c67968d4b1b252"}
,"C:\\Users\\agusm\\Documents\\GitHub\\rent-a-car\\src\\module\\rents\\controller\\rentsController.js": {"path":"C:\\Users\\agusm\\Documents\\GitHub\\rent-a-car\\src\\module\\rents\\controller\\rentsController.js","statementMap":{"0":{"start":{"line":1,"column":36},"end":{"line":1,"column":70}},"1":{"start":{"line":2,"column":23},"end":{"line":2,"column":54}},"2":{"start":{"line":3,"column":27},"end":{"line":3,"column":58}},"3":{"start":{"line":5,"column":0},"end":{"line":184,"column":1}},"4":{"start":{"line":12,"column":8},"end":{"line":12,"column":16}},"5":{"start":{"line":13,"column":8},"end":{"line":13,"column":36}},"6":{"start":{"line":14,"column":8},"end":{"line":14,"column":39}},"7":{"start":{"line":15,"column":8},"end":{"line":15,"column":39}},"8":{"start":{"line":16,"column":8},"end":{"line":16,"column":44}},"9":{"start":{"line":23,"column":22},"end":{"line":23,"column":37}},"10":{"start":{"line":25,"column":12},"end":{"line":27,"column":13}},"11":{"start":{"line":26,"column":16},"end":{"line":26,"column":30}},"12":{"start":{"line":28,"column":12},"end":{"line":28,"column":42}},"13":{"start":{"line":32,"column":8},"end":{"line":32,"column":52}},"14":{"start":{"line":35,"column":8},"end":{"line":35,"column":73}},"15":{"start":{"line":36,"column":8},"end":{"line":36,"column":68}},"16":{"start":{"line":37,"column":8},"end":{"line":37,"column":69}},"17":{"start":{"line":40,"column":8},"end":{"line":40,"column":81}},"18":{"start":{"line":41,"column":8},"end":{"line":41,"column":76}},"19":{"start":{"line":42,"column":8},"end":{"line":42,"column":96}},"20":{"start":{"line":43,"column":8},"end":{"line":43,"column":92}},"21":{"start":{"line":44,"column":8},"end":{"line":44,"column":78}},"22":{"start":{"line":52,"column":8},"end":{"line":52,"column":126}},"23":{"start":{"line":56,"column":20},"end":{"line":56,"column":55}},"24":{"start":{"line":57,"column":8},"end":{"line":57,"column":151}},"25":{"start":{"line":65,"column":23},"end":{"line":65,"column":33}},"26":{"start":{"line":66,"column":8},"end":{"line":68,"column":9}},"27":{"start":{"line":67,"column":12},"end":{"line":67,"column":74}},"28":{"start":{"line":69,"column":8},"end":{"line":78,"column":9}},"29":{"start":{"line":70,"column":30},"end":{"line":70,"column":46}},"30":{"start":{"line":71,"column":24},"end":{"line":71,"column":61}},"31":{"start":{"line":72,"column":27},"end":{"line":72,"column":68}},"32":{"start":{"line":73,"column":12},"end":{"line":73,"column":174}},"33":{"start":{"line":75,"column":12},"end":{"line":75,"column":27}},"34":{"start":{"line":76,"column":12},"end":{"line":76,"column":53}},"35":{"start":{"line":77,"column":12},"end":{"line":77,"column":61}},"36":{"start":{"line":86,"column":8},"end":{"line":100,"column":9}},"37":{"start":{"line":87,"column":28},"end":{"line":87,"column":61}},"38":{"start":{"line":88,"column":33},"end":{"line":88,"column":72}},"39":{"start":{"line":89,"column":12},"end":{"line":89,"column":38}},"40":{"start":{"line":90,"column":12},"end":{"line":94,"column":13}},"41":{"start":{"line":91,"column":16},"end":{"line":91,"column":109}},"42":{"start":{"line":93,"column":16},"end":{"line":93,"column":102}},"43":{"start":{"line":95,"column":12},"end":{"line":95,"column":81}},"44":{"start":{"line":97,"column":12},"end":{"line":97,"column":27}},"45":{"start":{"line":98,"column":12},"end":{"line":98,"column":61}},"46":{"start":{"line":99,"column":12},"end":{"line":99,"column":56}},"47":{"start":{"line":108,"column":23},"end":{"line":108,"column":64}},"48":{"start":{"line":109,"column":8},"end":{"line":109,"column":157}},"49":{"start":{"line":117,"column":8},"end":{"line":125,"column":9}},"50":{"start":{"line":118,"column":27},"end":{"line":118,"column":37}},"51":{"start":{"line":119,"column":28},"end":{"line":119,"column":69}},"52":{"start":{"line":120,"column":31},"end":{"line":120,"column":70}},"53":{"start":{"line":121,"column":12},"end":{"line":121,"column":36}},"54":{"start":{"line":122,"column":12},"end":{"line":122,"column":158}},"55":{"start":{"line":124,"column":12},"end":{"line":124,"column":27}},"56":{"start":{"line":133,"column":8},"end":{"line":140,"column":9}},"57":{"start":{"line":134,"column":27},"end":{"line":134,"column":37}},"58":{"start":{"line":135,"column":28},"end":{"line":135,"column":69}},"59":{"start":{"line":136,"column":12},"end":{"line":136,"column":58}},"60":{"start":{"line":137,"column":12},"end":{"line":137,"column":80}},"61":{"start":{"line":139,"column":12},"end":{"line":139,"column":51}},"62":{"start":{"line":148,"column":23},"end":{"line":148,"column":33}},"63":{"start":{"line":149,"column":8},"end":{"line":151,"column":9}},"64":{"start":{"line":150,"column":12},"end":{"line":150,"column":74}},"65":{"start":{"line":152,"column":8},"end":{"line":160,"column":9}},"66":{"start":{"line":153,"column":25},"end":{"line":153,"column":33}},"67":{"start":{"line":154,"column":30},"end":{"line":154,"column":46}},"68":{"start":{"line":155,"column":28},"end":{"line":155,"column":69}},"69":{"start":{"line":156,"column":12},"end":{"line":156,"column":177}},"70":{"start":{"line":158,"column":12},"end":{"line":158,"column":48}},"71":{"start":{"line":159,"column":12},"end":{"line":159,"column":56}},"72":{"start":{"line":168,"column":8},"end":{"line":182,"column":9}},"73":{"start":{"line":169,"column":28},"end":{"line":169,"column":61}},"74":{"start":{"line":170,"column":12},"end":{"line":170,"column":32}},"75":{"start":{"line":171,"column":33},"end":{"line":171,"column":72}},"76":{"start":{"line":172,"column":12},"end":{"line":176,"column":13}},"77":{"start":{"line":173,"column":16},"end":{"line":173,"column":109}},"78":{"start":{"line":175,"column":16},"end":{"line":175,"column":102}},"79":{"start":{"line":177,"column":12},"end":{"line":177,"column":60}},"80":{"start":{"line":179,"column":12},"end":{"line":179,"column":27}},"81":{"start":{"line":180,"column":12},"end":{"line":180,"column":61}},"82":{"start":{"line":181,"column":12},"end":{"line":181,"column":56}}},"fnMap":{"0":{"name":"(anonymous_0)","decl":{"start":{"line":11,"column":4},"end":{"line":11,"column":5}},"loc":{"start":{"line":11,"column":58},"end":{"line":17,"column":5}},"line":11},"1":{"name":"(anonymous_1)","decl":{"start":{"line":22,"column":4},"end":{"line":22,"column":5}},"loc":{"start":{"line":22,"column":25},"end":{"line":45,"column":5}},"line":22},"2":{"name":"isAuthenticated","decl":{"start":{"line":24,"column":17},"end":{"line":24,"column":32}},"loc":{"start":{"line":24,"column":49},"end":{"line":29,"column":9}},"line":24},"3":{"name":"(anonymous_3)","decl":{"start":{"line":51,"column":4},"end":{"line":51,"column":5}},"loc":{"start":{"line":51,"column":26},"end":{"line":53,"column":5}},"line":51},"4":{"name":"(anonymous_4)","decl":{"start":{"line":55,"column":4},"end":{"line":55,"column":5}},"loc":{"start":{"line":55,"column":34},"end":{"line":58,"column":5}},"line":55},"5":{"name":"(anonymous_5)","decl":{"start":{"line":64,"column":4},"end":{"line":64,"column":5}},"loc":{"start":{"line":64,"column":30},"end":{"line":79,"column":5}},"line":64},"6":{"name":"(anonymous_6)","decl":{"start":{"line":85,"column":4},"end":{"line":85,"column":5}},"loc":{"start":{"line":85,"column":30},"end":{"line":101,"column":5}},"line":85},"7":{"name":"(anonymous_7)","decl":{"start":{"line":107,"column":4},"end":{"line":107,"column":5}},"loc":{"start":{"line":107,"column":34},"end":{"line":110,"column":5}},"line":107},"8":{"name":"(anonymous_8)","decl":{"start":{"line":116,"column":4},"end":{"line":116,"column":5}},"loc":{"start":{"line":116,"column":34},"end":{"line":126,"column":5}},"line":116},"9":{"name":"(anonymous_9)","decl":{"start":{"line":132,"column":4},"end":{"line":132,"column":5}},"loc":{"start":{"line":132,"column":35},"end":{"line":141,"column":5}},"line":132},"10":{"name":"(anonymous_10)","decl":{"start":{"line":147,"column":4},"end":{"line":147,"column":5}},"loc":{"start":{"line":147,"column":33},"end":{"line":161,"column":5}},"line":147},"11":{"name":"(anonymous_11)","decl":{"start":{"line":167,"column":4},"end":{"line":167,"column":5}},"loc":{"start":{"line":167,"column":35},"end":{"line":183,"column":5}},"line":167}},"branchMap":{"0":{"loc":{"start":{"line":25,"column":12},"end":{"line":27,"column":13}},"type":"if","locations":[{"start":{"line":25,"column":12},"end":{"line":27,"column":13}},{"start":{"line":25,"column":12},"end":{"line":27,"column":13}}],"line":25},"1":{"loc":{"start":{"line":66,"column":8},"end":{"line":68,"column":9}},"type":"if","locations":[{"start":{"line":66,"column":8},"end":{"line":68,"column":9}},{"start":{"line":66,"column":8},"end":{"line":68,"column":9}}],"line":66},"2":{"loc":{"start":{"line":90,"column":12},"end":{"line":94,"column":13}},"type":"if","locations":[{"start":{"line":90,"column":12},"end":{"line":94,"column":13}},{"start":{"line":90,"column":12},"end":{"line":94,"column":13}}],"line":90},"3":{"loc":{"start":{"line":149,"column":8},"end":{"line":151,"column":9}},"type":"if","locations":[{"start":{"line":149,"column":8},"end":{"line":151,"column":9}},{"start":{"line":149,"column":8},"end":{"line":151,"column":9}}],"line":149},"4":{"loc":{"start":{"line":172,"column":12},"end":{"line":176,"column":13}},"type":"if","locations":[{"start":{"line":172,"column":12},"end":{"line":176,"column":13}},{"start":{"line":172,"column":12},"end":{"line":176,"column":13}}],"line":172}},"s":{"0":1,"1":1,"2":1,"3":1,"4":1,"5":1,"6":1,"7":1,"8":1,"9":1,"10":0,"11":0,"12":0,"13":1,"14":1,"15":1,"16":1,"17":1,"18":1,"19":1,"20":1,"21":1,"22":0,"23":0,"24":0,"25":0,"26":0,"27":0,"28":0,"29":0,"30":0,"31":0,"32":0,"33":0,"34":0,"35":0,"36":0,"37":0,"38":0,"39":0,"40":0,"41":0,"42":0,"43":0,"44":0,"45":0,"46":0,"47":0,"48":0,"49":0,"50":0,"51":0,"52":0,"53":0,"54":0,"55":0,"56":0,"57":0,"58":0,"59":0,"60":0,"61":0,"62":0,"63":0,"64":0,"65":0,"66":0,"67":0,"68":0,"69":0,"70":0,"71":0,"72":0,"73":0,"74":0,"75":0,"76":0,"77":0,"78":0,"79":0,"80":0,"81":0,"82":0},"f":{"0":1,"1":1,"2":0,"3":0,"4":0,"5":0,"6":0,"7":0,"8":0,"9":0,"10":0,"11":0},"b":{"0":[0,0],"1":[0,0],"2":[0,0],"3":[0,0],"4":[0,0]},"_coverageSchema":"1a1c01bbd47fc00a2c39e90264f33305004495a9","hash":"a1c1104c21210c662de70e8ce5fd995f961542f8"}
,"C:\\Users\\agusm\\Documents\\GitHub\\rent-a-car\\src\\module\\rents\\entity\\reserve.js": {"path":"C:\\Users\\agusm\\Documents\\GitHub\\rent-a-car\\src\\module\\rents\\entity\\reserve.js","statementMap":{"0":{"start":{"line":1,"column":0},"end":{"line":27,"column":2}},"1":{"start":{"line":12,"column":8},"end":{"line":12,"column":21}},"2":{"start":{"line":13,"column":8},"end":{"line":13,"column":31}},"3":{"start":{"line":14,"column":8},"end":{"line":14,"column":35}},"4":{"start":{"line":15,"column":8},"end":{"line":15,"column":31}},"5":{"start":{"line":16,"column":8},"end":{"line":16,"column":29}},"6":{"start":{"line":17,"column":8},"end":{"line":17,"column":35}},"7":{"start":{"line":21,"column":8},"end":{"line":21,"column":23}},"8":{"start":{"line":25,"column":8},"end":{"line":25,"column":29}}},"fnMap":{"0":{"name":"(anonymous_0)","decl":{"start":{"line":2,"column":4},"end":{"line":2,"column":5}},"loc":{"start":{"line":11,"column":7},"end":{"line":26,"column":5}},"line":11}},"branchMap":{},"s":{"0":2,"1":8,"2":8,"3":8,"4":8,"5":8,"6":8,"7":8,"8":8},"f":{"0":8},"b":{},"_coverageSchema":"1a1c01bbd47fc00a2c39e90264f33305004495a9","hash":"018bea1ebbc90b16925f484e1d161aab9b441fad"}
,"C:\\Users\\agusm\\Documents\\GitHub\\rent-a-car\\src\\module\\rents\\model\\rentModel.js": {"path":"C:\\Users\\agusm\\Documents\\GitHub\\rent-a-car\\src\\module\\rents\\model\\rentModel.js","statementMap":{"0":{"start":{"line":1,"column":41},"end":{"line":1,"column":61}},"1":{"start":{"line":3,"column":0},"end":{"line":68,"column":2}},"2":{"start":{"line":9,"column":8},"end":{"line":52,"column":10}},"3":{"start":{"line":54,"column":8},"end":{"line":54,"column":25}},"4":{"start":{"line":61,"column":8},"end":{"line":61,"column":64}},"5":{"start":{"line":65,"column":8},"end":{"line":65,"column":70}}},"fnMap":{"0":{"name":"(anonymous_0)","decl":{"start":{"line":8,"column":4},"end":{"line":8,"column":5}},"loc":{"start":{"line":8,"column":36},"end":{"line":55,"column":5}},"line":8},"1":{"name":"(anonymous_1)","decl":{"start":{"line":60,"column":4},"end":{"line":60,"column":5}},"loc":{"start":{"line":60,"column":42},"end":{"line":62,"column":5}},"line":60},"2":{"name":"(anonymous_2)","decl":{"start":{"line":64,"column":4},"end":{"line":64,"column":5}},"loc":{"start":{"line":64,"column":48},"end":{"line":66,"column":5}},"line":64}},"branchMap":{},"s":{"0":2,"1":2,"2":5,"3":5,"4":1,"5":1},"f":{"0":5,"1":1,"2":1},"b":{},"_coverageSchema":"1a1c01bbd47fc00a2c39e90264f33305004495a9","hash":"4d39a9e7ec9399c7f16e610cee952b7392cb8472"}
,"C:\\Users\\agusm\\Documents\\GitHub\\rent-a-car\\src\\module\\rents\\repository\\orm\\rentsRepository.js": {"path":"C:\\Users\\agusm\\Documents\\GitHub\\rent-a-car\\src\\module\\rents\\repository\\orm\\rentsRepository.js","statementMap":{"0":{"start":{"line":1,"column":31},"end":{"line":1,"column":83}},"1":{"start":{"line":2,"column":30},"end":{"line":2,"column":67}},"2":{"start":{"line":4,"column":0},"end":{"line":84,"column":1}},"3":{"start":{"line":11,"column":8},"end":{"line":11,"column":16}},"4":{"start":{"line":12,"column":8},"end":{"line":12,"column":35}},"5":{"start":{"line":13,"column":8},"end":{"line":13,"column":33}},"6":{"start":{"line":14,"column":8},"end":{"line":14,"column":39}},"7":{"start":{"line":24,"column":29},"end":{"line":24,"column":57}},"8":{"start":{"line":25,"column":8},"end":{"line":25,"column":64}},"9":{"start":{"line":26,"column":8},"end":{"line":26,"column":57}},"10":{"start":{"line":27,"column":8},"end":{"line":27,"column":63}},"11":{"start":{"line":28,"column":8},"end":{"line":28,"column":43}},"12":{"start":{"line":30,"column":8},"end":{"line":30,"column":44}},"13":{"start":{"line":38,"column":8},"end":{"line":40,"column":9}},"14":{"start":{"line":39,"column":12},"end":{"line":39,"column":45}},"15":{"start":{"line":41,"column":8},"end":{"line":41,"column":84}},"16":{"start":{"line":49,"column":25},"end":{"line":52,"column":10}},"17":{"start":{"line":54,"column":8},"end":{"line":56,"column":9}},"18":{"start":{"line":55,"column":12},"end":{"line":55,"column":67}},"19":{"start":{"line":58,"column":8},"end":{"line":58,"column":47}},"20":{"start":{"line":62,"column":25},"end":{"line":64,"column":10}},"21":{"start":{"line":65,"column":8},"end":{"line":65,"column":47}},"22":{"start":{"line":73,"column":26},"end":{"line":76,"column":10}},"23":{"start":{"line":78,"column":8},"end":{"line":80,"column":9}},"24":{"start":{"line":79,"column":12},"end":{"line":79,"column":67}},"25":{"start":{"line":82,"column":8},"end":{"line":82,"column":44}}},"fnMap":{"0":{"name":"(anonymous_0)","decl":{"start":{"line":10,"column":4},"end":{"line":10,"column":5}},"loc":{"start":{"line":10,"column":50},"end":{"line":15,"column":5}},"line":10},"1":{"name":"(anonymous_1)","decl":{"start":{"line":21,"column":4},"end":{"line":21,"column":5}},"loc":{"start":{"line":21,"column":27},"end":{"line":31,"column":5}},"line":21},"2":{"name":"(anonymous_2)","decl":{"start":{"line":37,"column":4},"end":{"line":37,"column":5}},"loc":{"start":{"line":37,"column":33},"end":{"line":42,"column":5}},"line":37},"3":{"name":"(anonymous_3)","decl":{"start":{"line":48,"column":4},"end":{"line":48,"column":5}},"loc":{"start":{"line":48,"column":29},"end":{"line":59,"column":5}},"line":48},"4":{"name":"(anonymous_4)","decl":{"start":{"line":61,"column":4},"end":{"line":61,"column":5}},"loc":{"start":{"line":61,"column":27},"end":{"line":66,"column":5}},"line":61},"5":{"name":"(anonymous_5)","decl":{"start":{"line":72,"column":4},"end":{"line":72,"column":5}},"loc":{"start":{"line":72,"column":29},"end":{"line":83,"column":5}},"line":72}},"branchMap":{"0":{"loc":{"start":{"line":38,"column":8},"end":{"line":40,"column":9}},"type":"if","locations":[{"start":{"line":38,"column":8},"end":{"line":40,"column":9}},{"start":{"line":38,"column":8},"end":{"line":40,"column":9}}],"line":38},"1":{"loc":{"start":{"line":38,"column":11},"end":{"line":38,"column":34}},"type":"binary-expr","locations":[{"start":{"line":38,"column":11},"end":{"line":38,"column":19}},{"start":{"line":38,"column":23},"end":{"line":38,"column":34}}],"line":38},"2":{"loc":{"start":{"line":54,"column":8},"end":{"line":56,"column":9}},"type":"if","locations":[{"start":{"line":54,"column":8},"end":{"line":56,"column":9}},{"start":{"line":54,"column":8},"end":{"line":56,"column":9}}],"line":54},"3":{"loc":{"start":{"line":78,"column":8},"end":{"line":80,"column":9}},"type":"if","locations":[{"start":{"line":78,"column":8},"end":{"line":80,"column":9}},{"start":{"line":78,"column":8},"end":{"line":80,"column":9}}],"line":78}},"s":{"0":2,"1":2,"2":2,"3":5,"4":5,"5":5,"6":5,"7":5,"8":5,"9":5,"10":5,"11":5,"12":5,"13":0,"14":0,"15":0,"16":1,"17":0,"18":0,"19":0,"20":0,"21":0,"22":1,"23":1,"24":0,"25":1},"f":{"0":5,"1":5,"2":0,"3":1,"4":0,"5":1},"b":{"0":[0,0],"1":[0,0],"2":[0,0],"3":[0,1]},"_coverageSchema":"1a1c01bbd47fc00a2c39e90264f33305004495a9","hash":"f10fc554d7e4ecf6d89baa9caa88f39ff0f96598"}
,"C:\\Users\\agusm\\Documents\\GitHub\\rent-a-car\\src\\module\\rents\\repository\\orm\\error\\reserveIdNotDefinedError.js": {"path":"C:\\Users\\agusm\\Documents\\GitHub\\rent-a-car\\src\\module\\rents\\repository\\orm\\error\\reserveIdNotDefinedError.js","statementMap":{"0":{"start":{"line":1,"column":0},"end":{"line":1,"column":65}}},"fnMap":{},"branchMap":{},"s":{"0":1},"f":{},"b":{},"_coverageSchema":"1a1c01bbd47fc00a2c39e90264f33305004495a9","hash":"30e5b331c6278d6173fdb3fe77209969afdd6b3c"}
,"C:\\Users\\agusm\\Documents\\GitHub\\rent-a-car\\src\\module\\rents\\repository\\orm\\error\\reserveNotFoundError.js": {"path":"C:\\Users\\agusm\\Documents\\GitHub\\rent-a-car\\src\\module\\rents\\repository\\orm\\error\\reserveNotFoundError.js","statementMap":{"0":{"start":{"line":1,"column":0},"end":{"line":1,"column":61}}},"fnMap":{},"branchMap":{},"s":{"0":1},"f":{},"b":{},"_coverageSchema":"1a1c01bbd47fc00a2c39e90264f33305004495a9","hash":"b62ad1c2665b24cf9017b96a8e17aa17709a7d2f"}
,"C:\\Users\\agusm\\Documents\\GitHub\\rent-a-car\\src\\module\\rents\\repository\\sqlite\\abstract\\abstractRentRepository.js": {"path":"C:\\Users\\agusm\\Documents\\GitHub\\rent-a-car\\src\\module\\rents\\repository\\sqlite\\abstract\\abstractRentRepository.js","statementMap":{"0":{"start":{"line":1,"column":36},"end":{"line":1,"column":79}},"1":{"start":{"line":3,"column":0},"end":{"line":35,"column":2}},"2":{"start":{"line":5,"column":8},"end":{"line":9,"column":9}},"3":{"start":{"line":6,"column":12},"end":{"line":8,"column":13}}},"fnMap":{"0":{"name":"(anonymous_0)","decl":{"start":{"line":4,"column":4},"end":{"line":4,"column":5}},"loc":{"start":{"line":4,"column":18},"end":{"line":10,"column":5}},"line":4},"1":{"name":"(anonymous_1)","decl":{"start":{"line":16,"column":4},"end":{"line":16,"column":5}},"loc":{"start":{"line":16,"column":27},"end":{"line":16,"column":29}},"line":16},"2":{"name":"(anonymous_2)","decl":{"start":{"line":21,"column":4},"end":{"line":21,"column":5}},"loc":{"start":{"line":21,"column":33},"end":{"line":21,"column":35}},"line":21},"3":{"name":"(anonymous_3)","decl":{"start":{"line":27,"column":4},"end":{"line":27,"column":5}},"loc":{"start":{"line":27,"column":29},"end":{"line":27,"column":31}},"line":27},"4":{"name":"(anonymous_4)","decl":{"start":{"line":32,"column":4},"end":{"line":32,"column":5}},"loc":{"start":{"line":32,"column":27},"end":{"line":32,"column":29}},"line":32},"5":{"name":"(anonymous_5)","decl":{"start":{"line":34,"column":4},"end":{"line":34,"column":5}},"loc":{"start":{"line":34,"column":27},"end":{"line":34,"column":29}},"line":34}},"branchMap":{"0":{"loc":{"start":{"line":5,"column":8},"end":{"line":9,"column":9}},"type":"if","locations":[{"start":{"line":5,"column":8},"end":{"line":9,"column":9}},{"start":{"line":5,"column":8},"end":{"line":9,"column":9}}],"line":5}},"s":{"0":2,"1":2,"2":5,"3":0},"f":{"0":5,"1":0,"2":0,"3":0,"4":0,"5":0},"b":{"0":[0,5]},"_coverageSchema":"1a1c01bbd47fc00a2c39e90264f33305004495a9","hash":"8acab20fd97ab938833ee7f082d7d4d74dc2e4bb"}
,"C:\\Users\\agusm\\Documents\\GitHub\\rent-a-car\\src\\module\\rents\\service\\rentsService.js": {"path":"C:\\Users\\agusm\\Documents\\GitHub\\rent-a-car\\src\\module\\rents\\service\\rentsService.js","statementMap":{"0":{"start":{"line":5,"column":16},"end":{"line":5,"column":44}},"1":{"start":{"line":7,"column":0},"end":{"line":56,"column":1}},"2":{"start":{"line":12,"column":8},"end":{"line":12,"column":44}},"3":{"start":{"line":19,"column":8},"end":{"line":21,"column":9}},"4":{"start":{"line":20,"column":12},"end":{"line":20,"column":62}},"5":{"start":{"line":22,"column":8},"end":{"line":22,"column":51}},"6":{"start":{"line":26,"column":8},"end":{"line":28,"column":9}},"7":{"start":{"line":27,"column":12},"end":{"line":27,"column":54}},"8":{"start":{"line":30,"column":8},"end":{"line":30,"column":54}},"9":{"start":{"line":34,"column":8},"end":{"line":36,"column":9}},"10":{"start":{"line":35,"column":12},"end":{"line":35,"column":54}},"11":{"start":{"line":38,"column":8},"end":{"line":38,"column":54}},"12":{"start":{"line":45,"column":8},"end":{"line":47,"column":9}},"13":{"start":{"line":46,"column":12},"end":{"line":46,"column":38}},"14":{"start":{"line":49,"column":8},"end":{"line":49,"column":58}},"15":{"start":{"line":53,"column":8},"end":{"line":53,"column":52}}},"fnMap":{"0":{"name":"(anonymous_0)","decl":{"start":{"line":11,"column":5},"end":{"line":11,"column":6}},"loc":{"start":{"line":11,"column":33},"end":{"line":13,"column":5}},"line":11},"1":{"name":"(anonymous_1)","decl":{"start":{"line":18,"column":4},"end":{"line":18,"column":5}},"loc":{"start":{"line":18,"column":27},"end":{"line":23,"column":5}},"line":18},"2":{"name":"(anonymous_2)","decl":{"start":{"line":25,"column":4},"end":{"line":25,"column":5}},"loc":{"start":{"line":25,"column":29},"end":{"line":31,"column":5}},"line":25},"3":{"name":"(anonymous_3)","decl":{"start":{"line":33,"column":4},"end":{"line":33,"column":5}},"loc":{"start":{"line":33,"column":29},"end":{"line":39,"column":5}},"line":33},"4":{"name":"(anonymous_4)","decl":{"start":{"line":44,"column":4},"end":{"line":44,"column":5}},"loc":{"start":{"line":44,"column":33},"end":{"line":50,"column":5}},"line":44},"5":{"name":"(anonymous_5)","decl":{"start":{"line":52,"column":4},"end":{"line":52,"column":5}},"loc":{"start":{"line":52,"column":26},"end":{"line":54,"column":5}},"line":52}},"branchMap":{"0":{"loc":{"start":{"line":19,"column":8},"end":{"line":21,"column":9}},"type":"if","locations":[{"start":{"line":19,"column":8},"end":{"line":21,"column":9}},{"start":{"line":19,"column":8},"end":{"line":21,"column":9}}],"line":19},"1":{"loc":{"start":{"line":26,"column":8},"end":{"line":28,"column":9}},"type":"if","locations":[{"start":{"line":26,"column":8},"end":{"line":28,"column":9}},{"start":{"line":26,"column":8},"end":{"line":28,"column":9}}],"line":26},"2":{"loc":{"start":{"line":34,"column":8},"end":{"line":36,"column":9}},"type":"if","locations":[{"start":{"line":34,"column":8},"end":{"line":36,"column":9}},{"start":{"line":34,"column":8},"end":{"line":36,"column":9}}],"line":34},"3":{"loc":{"start":{"line":45,"column":8},"end":{"line":47,"column":9}},"type":"if","locations":[{"start":{"line":45,"column":8},"end":{"line":47,"column":9}},{"start":{"line":45,"column":8},"end":{"line":47,"column":9}}],"line":45}},"s":{"0":1,"1":1,"2":1,"3":0,"4":0,"5":0,"6":0,"7":0,"8":0,"9":0,"10":0,"11":0,"12":0,"13":0,"14":0,"15":0},"f":{"0":1,"1":0,"2":0,"3":0,"4":0,"5":0},"b":{"0":[0,0],"1":[0,0],"2":[0,0],"3":[0,0]},"_coverageSchema":"1a1c01bbd47fc00a2c39e90264f33305004495a9","hash":"07a2265ab66e23cba338f08fdf8681369aa95f15"}
}
