TN:
SF:src\module\cars\controller\carsController.js
FN:11,(anonymous_0)
FN:20,(anonymous_1)
FN:33,(anonymous_2)
FN:42,(anonymous_3)
FN:50,(anonymous_4)
FN:75,(anonymous_5)
FN:91,(anonymous_6)
FNF:7
FNH:6
FNDA:1,(anonymous_0)
FNDA:0,(anonymous_1)
FNDA:1,(anonymous_2)
FNDA:1,(anonymous_3)
FNDA:3,(anonymous_4)
FNDA:1,(anonymous_5)
FNDA:3,(anonymous_6)
DA:1,1
DA:2,1
DA:4,1
DA:5,1
DA:7,1
DA:12,1
DA:13,1
DA:14,1
DA:21,0
DA:22,0
DA:23,0
DA:24,0
DA:25,0
DA:34,1
DA:35,1
DA:43,1
DA:51,3
DA:52,3
DA:53,3
DA:54,3
DA:55,3
DA:56,3
DA:58,3
DA:59,3
DA:60,1
DA:62,2
DA:64,2
DA:66,1
DA:67,1
DA:76,1
DA:77,1
DA:78,1
DA:79,1
DA:80,1
DA:82,0
DA:84,1
DA:92,3
DA:93,3
DA:94,1
DA:96,2
DA:97,2
DA:98,1
DA:100,1
DA:101,1
LF:44
LH:38
BRDA:54,0,0,3
BRDA:54,0,1,0
BRDA:59,1,0,1
BRDA:59,1,1,2
BRDA:93,2,0,1
BRDA:93,2,1,2
BRF:6
BRH:5
end_of_record
TN:
SF:src\module\cars\controller\paths\paths.js
FNF:0
FNH:0
DA:1,1
DA:3,1
DA:20,1
LF:3
LH:3
BRF:0
BRH:0
end_of_record
TN:
SF:src\module\cars\entity\car.js
FN:2,(anonymous_0)
FNF:1
FNH:1
FNDA:26,(anonymous_0)
DA:1,4
DA:15,26
DA:16,26
DA:17,26
DA:18,26
DA:19,26
DA:20,26
DA:21,26
DA:22,26
DA:23,26
DA:24,26
DA:25,26
LF:12
LH:12
BRF:0
BRH:0
end_of_record
TN:
SF:src\module\cars\model\carModel.js
FN:8,(anonymous_0)
FNF:1
FNH:1
FNDA:9,(anonymous_0)
DA:1,2
DA:3,2
DA:9,9
DA:73,9
LF:4
LH:4
BRF:0
BRH:0
end_of_record
TN:
SF:src\module\clients\controller\abstractController.js
FN:4,(anonymous_0)
FNF:1
FNH:1
FNDA:3,(anonymous_0)
DA:1,2
DA:3,2
DA:5,3
DA:6,1
LF:4
LH:4
BRDA:5,0,0,1
BRDA:5,0,1,2
BRF:2
BRH:2
end_of_record
TN:
SF:src\module\clients\controller\clientsController.js
FN:10,(anonymous_0)
FN:18,(anonymous_1)
FN:27,(anonymous_2)
FN:35,(anonymous_3)
FNF:4
FNH:3
FNDA:1,(anonymous_0)
FNDA:0,(anonymous_1)
FNDA:1,(anonymous_2)
FNDA:2,(anonymous_3)
DA:1,1
DA:2,1
DA:3,1
DA:4,1
DA:6,1
DA:11,1
DA:12,1
DA:19,0
DA:20,0
DA:28,1
DA:36,2
DA:37,2
DA:38,2
DA:39,2
DA:40,2
DA:41,1
DA:43,1
DA:45,1
DA:47,1
DA:48,1
LF:20
LH:18
BRDA:40,0,0,1
BRDA:40,0,1,1
BRF:2
BRH:2
end_of_record
TN:
SF:src\module\clients\controller\error\abstractControllerError.js
FNF:0
FNH:0
DA:1,2
LF:1
LH:1
BRF:0
BRH:0
end_of_record
TN:
SF:src\module\clients\controller\paths\paths.js
FNF:0
FNH:0
DA:1,1
DA:3,1
DA:11,1
LF:3
LH:3
BRF:0
BRH:0
end_of_record
TN:
SF:src\module\clients\entity\client.js
FN:2,(anonymous_0)
FNF:1
FNH:1
FNDA:24,(anonymous_0)
DA:1,6
DA:14,24
DA:15,24
DA:16,24
DA:17,24
DA:18,24
DA:19,24
DA:20,24
DA:21,24
DA:22,24
DA:23,24
LF:11
LH:11
BRF:0
BRH:0
end_of_record
TN:
SF:src\module\clients\mapper\clientMapper.js
FN:3,fromDataToEntity
FN:33,fromModelToEntity
FNF:2
FNH:2
FNDA:3,fromDataToEntity
FNDA:1,fromModelToEntity
DA:1,2
DA:15,3
DA:34,1
DA:37,2
LF:4
LH:4
BRF:0
BRH:0
end_of_record
TN:
SF:src\module\clients\model\clientModel.js
FN:8,(anonymous_0)
FNF:1
FNH:1
FNDA:9,(anonymous_0)
DA:1,2
DA:3,2
DA:9,9
DA:70,9
LF:4
LH:4
BRF:0
BRH:0
end_of_record
TN:
SF:src\module\clients\service\clientsService.js
FN:13,(anonymous_0)
FN:20,(anonymous_1)
FN:27,(anonymous_2)
FN:38,(anonymous_3)
FN:46,(anonymous_4)
FNF:5
FNH:5
FNDA:1,(anonymous_0)
FNDA:2,(anonymous_1)
FNDA:2,(anonymous_2)
FNDA:2,(anonymous_3)
FNDA:1,(anonymous_4)
DA:5,1
DA:6,1
DA:7,1
DA:9,1
DA:14,1
DA:21,2
DA:22,1
DA:24,1
DA:28,2
DA:29,1
DA:32,1
DA:39,2
DA:40,1
DA:43,1
DA:47,1
LF:15
LH:15
BRDA:21,0,0,1
BRDA:21,0,1,1
BRDA:28,1,0,1
BRDA:28,1,1,1
BRDA:39,2,0,1
BRDA:39,2,1,1
BRF:6
BRH:6
end_of_record
TN:
SF:src\module\clients\service\error\clientIdNotDefinedError.js
FNF:0
FNH:0
DA:1,1
LF:1
LH:1
BRF:0
BRH:0
end_of_record
TN:
SF:src\module\clients\service\error\clientNotDefinedError.js
FNF:0
FNH:0
DA:1,1
LF:1
LH:1
BRF:0
BRH:0
end_of_record
TN:
SF:src\module\data\resData.js
FNF:0
FNH:0
DA:1,5
DA:6,5
LF:2
LH:2
BRF:0
BRH:0
end_of_record
TN:
SF:src\module\rents\controller\abstractController.js
FN:4,(anonymous_0)
FNF:1
FNH:1
FNDA:3,(anonymous_0)
DA:1,2
DA:3,2
DA:5,3
DA:6,1
LF:4
LH:4
BRDA:5,0,0,1
BRDA:5,0,1,2
BRF:2
BRH:2
end_of_record
TN:
SF:src\module\rents\controller\rentsController.js
FN:15,(anonymous_0)
FN:25,(anonymous_1)
FN:26,isAuthenticated
FN:53,(anonymous_3)
FN:57,(anonymous_4)
FN:66,(anonymous_5)
FN:86,(anonymous_6)
FN:106,(anonymous_7)
FN:116,(anonymous_8)
FN:134,(anonymous_9)
FN:153,(anonymous_10)
FN:173,(anonymous_11)
FNF:12
FNH:10
FNDA:1,(anonymous_0)
FNDA:0,(anonymous_1)
FNDA:0,isAuthenticated
FNDA:1,(anonymous_3)
FNDA:1,(anonymous_4)
FNDA:3,(anonymous_5)
FNDA:3,(anonymous_6)
FNDA:1,(anonymous_7)
FNDA:2,(anonymous_8)
FNDA:2,(anonymous_9)
FNDA:2,(anonymous_10)
FNDA:2,(anonymous_11)
DA:1,1
DA:2,1
DA:3,1
DA:4,1
DA:6,1
DA:7,1
DA:9,1
DA:16,1
DA:17,1
DA:18,1
DA:19,1
DA:27,0
DA:28,0
DA:30,0
DA:34,0
DA:37,0
DA:38,0
DA:39,0
DA:42,0
DA:43,0
DA:44,0
DA:45,0
DA:46,0
DA:54,1
DA:58,1
DA:59,1
DA:67,3
DA:68,3
DA:69,1
DA:71,2
DA:72,2
DA:73,2
DA:74,2
DA:75,2
DA:77,1
DA:78,1
DA:87,3
DA:88,3
DA:89,3
DA:90,3
DA:91,1
DA:93,2
DA:95,2
DA:97,1
DA:98,1
DA:107,1
DA:108,1
DA:109,1
DA:117,2
DA:118,2
DA:119,1
DA:122,1
DA:123,1
DA:124,1
DA:126,0
DA:135,2
DA:136,2
DA:137,1
DA:140,1
DA:141,1
DA:142,1
DA:143,1
DA:145,0
DA:154,2
DA:155,2
DA:156,1
DA:159,1
DA:160,1
DA:161,1
DA:162,1
DA:164,0
DA:165,0
DA:174,2
DA:175,2
DA:176,1
DA:177,1
DA:179,1
DA:180,1
LF:78
LH:62
BRDA:27,0,0,0
BRDA:27,0,1,0
BRDA:68,1,0,1
BRDA:68,1,1,2
BRDA:90,2,0,1
BRDA:90,2,1,2
BRDA:118,3,0,1
BRDA:118,3,1,1
BRDA:136,4,0,1
BRDA:136,4,1,1
BRDA:155,5,0,1
BRDA:155,5,1,1
BRF:12
BRH:10
end_of_record
TN:
SF:src\module\rents\controller\error\abstractControllerError.js
FNF:0
FNH:0
DA:1,2
LF:1
LH:1
BRF:0
BRH:0
end_of_record
TN:
SF:src\module\rents\controller\paths\paths.js
FN:29,(anonymous_0)
FN:35,(anonymous_1)
FNF:2
FNH:2
FNDA:6,(anonymous_0)
FNDA:2,(anonymous_1)
DA:1,1
DA:3,1
DA:30,6
DA:36,2
DA:46,1
LF:5
LH:5
BRF:0
BRH:0
end_of_record
TN:
SF:src\module\rents\entity\reserve.js
FN:2,(anonymous_0)
FNF:1
FNH:1
FNDA:34,(anonymous_0)
DA:1,4
DA:12,34
DA:13,34
DA:14,34
DA:15,34
DA:16,34
DA:17,34
DA:21,34
DA:25,34
LF:9
LH:9
BRF:0
BRH:0
end_of_record
TN:
SF:src\module\rents\mapper\reserveMapper.js
FN:5,fromDataToEntity
FN:31,fromModelToEntity
FNF:2
FNH:2
FNDA:5,fromDataToEntity
FNDA:15,fromModelToEntity
DA:1,3
DA:2,3
DA:3,3
DA:15,5
DA:32,15
DA:35,3
LF:6
LH:6
BRF:0
BRH:0
end_of_record
TN:
SF:src\module\rents\model\rentModel.js
FN:8,(anonymous_0)
FN:60,(anonymous_1)
FN:64,(anonymous_2)
FNF:3
FNH:3
FNDA:9,(anonymous_0)
FNDA:8,(anonymous_1)
FNDA:8,(anonymous_2)
DA:1,2
DA:3,2
DA:9,9
DA:54,9
DA:61,8
DA:65,8
LF:6
LH:6
BRF:0
BRH:0
end_of_record
TN:
SF:src\module\rents\repository\orm\rentsRepository.js
FN:12,(anonymous_0)
FN:23,(anonymous_1)
FN:39,(anonymous_2)
FN:50,(anonymous_3)
FN:65,(anonymous_4)
FN:76,(anonymous_5)
FNF:6
FNH:6
FNDA:8,(anonymous_0)
FNDA:9,(anonymous_1)
FNDA:2,(anonymous_2)
FNDA:2,(anonymous_3)
FNDA:1,(anonymous_4)
FNDA:2,(anonymous_5)
DA:1,1
DA:2,1
DA:3,1
DA:4,1
DA:6,1
DA:13,8
DA:14,8
DA:15,8
DA:16,8
DA:26,9
DA:27,9
DA:28,9
DA:29,9
DA:30,9
DA:32,9
DA:40,2
DA:41,1
DA:43,1
DA:51,2
DA:52,2
DA:57,1
DA:59,1
DA:60,1
DA:66,1
DA:69,1
DA:77,2
DA:82,2
DA:83,1
DA:86,1
LF:29
LH:29
BRDA:40,0,0,1
BRDA:40,0,1,1
BRDA:40,1,0,2
BRDA:40,1,1,1
BRDA:82,2,0,1
BRDA:82,2,1,1
BRF:6
BRH:6
end_of_record
TN:
SF:src\module\rents\repository\orm\error\reserveIdNotDefinedError.js
FNF:0
FNH:0
DA:1,1
LF:1
LH:1
BRF:0
BRH:0
end_of_record
TN:
SF:src\module\rents\repository\orm\error\reserveNotFoundError.js
FNF:0
FNH:0
DA:1,1
LF:1
LH:1
BRF:0
BRH:0
end_of_record
TN:
SF:src\module\rents\service\functions.js
FN:1,getCurrentDate
FNF:1
FNH:1
FNDA:5,getCurrentDate
DA:1,1
DA:2,5
DA:4,5
DA:5,5
DA:6,5
DA:8,5
LF:6
LH:6
BRF:0
BRH:0
end_of_record
TN:
SF:src\module\rents\service\rentsService.js
FN:13,(anonymous_0)
FN:20,(anonymous_1)
FN:27,(anonymous_2)
FN:35,(anonymous_3)
FN:46,(anonymous_4)
FN:54,(anonymous_5)
FNF:6
FNH:6
FNDA:1,(anonymous_0)
FNDA:2,(anonymous_1)
FNDA:2,(anonymous_2)
FNDA:2,(anonymous_3)
FNDA:2,(anonymous_4)
FNDA:1,(anonymous_5)
DA:5,1
DA:6,1
DA:7,1
DA:9,1
DA:14,1
DA:21,2
DA:22,1
DA:24,1
DA:28,2
DA:29,1
DA:32,1
DA:36,2
DA:37,1
DA:40,1
DA:47,2
DA:48,1
DA:51,1
DA:55,1
LF:18
LH:18
BRDA:21,0,0,1
BRDA:21,0,1,1
BRDA:28,1,0,1
BRDA:28,1,1,1
BRDA:36,2,0,1
BRDA:36,2,1,1
BRDA:47,3,0,1
BRDA:47,3,1,1
BRF:8
BRH:8
end_of_record
TN:
SF:src\module\rents\service\error\reserveIdNotDefinedError.js
FNF:0
FNH:0
DA:1,1
LF:1
LH:1
BRF:0
BRH:0
end_of_record
TN:
SF:src\module\rents\service\error\reserveNotDefinedError.js
FNF:0
FNH:0
DA:1,1
LF:1
LH:1
BRF:0
BRH:0
end_of_record
TN:
SF:src\module\users\module.js
FN:6,init
FNF:1
FNH:0
FNDA:0,init
DA:1,1
DA:2,1
DA:3,1
DA:4,1
DA:7,0
DA:8,0
DA:11,1
LF:7
LH:5
BRF:0
BRH:0
end_of_record
TN:
SF:src\module\users\controller\abstractController.js
FN:4,(anonymous_0)
FNF:1
FNH:1
FNDA:3,(anonymous_0)
DA:1,3
DA:3,3
DA:5,3
DA:6,1
LF:4
LH:4
BRDA:5,0,0,1
BRDA:5,0,1,2
BRF:2
BRH:2
end_of_record
TN:
SF:src\module\users\controller\userController.js
FN:7,(anonymous_0)
FN:15,(anonymous_1)
FN:36,(anonymous_2)
FN:44,(anonymous_3)
FN:52,(anonymous_4)
FN:60,(anonymous_5)
FNF:6
FNH:5
FNDA:1,(anonymous_0)
FNDA:0,(anonymous_1)
FNDA:1,(anonymous_2)
FNDA:1,(anonymous_3)
FNDA:1,(anonymous_4)
FNDA:1,(anonymous_5)
DA:1,2
DA:3,2
DA:4,2
DA:6,2
DA:8,1
DA:9,1
DA:16,0
DA:17,0
DA:22,0
DA:23,0
DA:28,0
DA:29,0
DA:37,1
DA:45,1
DA:53,1
DA:61,1
DA:62,1
LF:17
LH:11
BRF:0
BRH:0
end_of_record
TN:
SF:src\module\users\controller\error\abstractControllerError.js
FNF:0
FNH:0
DA:1,3
LF:1
LH:1
BRF:0
BRH:0
end_of_record
TN:
SF:src\module\users\controller\paths\paths.js
FNF:0
FNH:0
DA:1,2
DA:3,2
DA:24,2
LF:3
LH:3
BRF:0
BRH:0
end_of_record
TN:
SF:src\module\users\entity\user.js
FN:2,(anonymous_0)
FNF:1
FNH:1
FNDA:9,(anonymous_0)
DA:1,4
DA:7,9
DA:8,9
DA:9,9
LF:4
LH:4
BRF:0
BRH:0
end_of_record
TN:
SF:src\module\users\mapper\userMapper.js
FN:7,fromModelToEntity
FNF:1
FNH:1
FNDA:7,fromModelToEntity
DA:1,2
DA:8,7
DA:11,2
LF:3
LH:3
BRF:0
BRH:0
end_of_record
TN:
SF:src\module\users\model\userModel.js
FN:8,(anonymous_0)
FNF:1
FNH:1
FNDA:8,(anonymous_0)
DA:1,2
DA:3,2
DA:9,8
DA:42,8
LF:4
LH:4
BRF:0
BRH:0
end_of_record
TN:
SF:src\module\users\repository\orm\usersRepository.js
FN:9,(anonymous_0)
FN:20,(anonymous_1)
FN:38,(anonymous_2)
FN:55,(anonymous_3)
FN:68,(anonymous_4)
FNF:5
FNH:5
FNDA:7,(anonymous_0)
FNDA:3,(anonymous_1)
FNDA:2,(anonymous_2)
FNDA:2,(anonymous_3)
FNDA:2,(anonymous_4)
DA:1,1
DA:2,1
DA:3,1
DA:5,1
DA:10,7
DA:11,7
DA:12,7
DA:13,7
DA:23,3
DA:24,3
DA:25,3
DA:29,3
DA:31,3
DA:39,2
DA:40,2
DA:44,1
DA:46,1
DA:47,1
DA:56,2
DA:57,2
DA:61,2
DA:63,1
DA:64,1
DA:69,2
DA:70,2
LF:25
LH:25
BRF:0
BRH:0
end_of_record
TN:
SF:src\module\users\repository\orm\error\userNotFoundError.js
FNF:0
FNH:0
DA:1,1
LF:1
LH:1
BRF:0
BRH:0
end_of_record
TN:
SF:src\module\users\service\userService.js
FN:15,(anonymous_0)
FN:22,(anonymous_1)
FN:29,(anonymous_2)
FN:37,(anonymous_3)
FN:45,(anonymous_4)
FNF:5
FNH:5
FNDA:1,(anonymous_0)
FNDA:2,(anonymous_1)
FNDA:2,(anonymous_2)
FNDA:2,(anonymous_3)
FNDA:2,(anonymous_4)
DA:5,2
DA:6,2
DA:7,2
DA:8,2
DA:9,2
DA:11,2
DA:16,1
DA:23,2
DA:24,1
DA:26,1
DA:30,2
DA:31,1
DA:34,1
DA:38,2
DA:39,1
DA:42,1
DA:46,2
DA:47,1
DA:50,1
DA:51,0
DA:54,1
DA:55,1
LF:22
LH:21
BRDA:23,0,0,1
BRDA:23,0,1,1
BRDA:30,1,0,1
BRDA:30,1,1,1
BRDA:38,2,0,1
BRDA:38,2,1,1
BRDA:46,3,0,1
BRDA:46,3,1,1
BRDA:50,4,0,0
BRDA:50,4,1,1
BRF:10
BRH:9
end_of_record
TN:
SF:src\module\users\service\error\passwordsParametersError.js
FNF:0
FNH:0
DA:1,2
LF:1
LH:1
BRF:0
BRH:0
end_of_record
TN:
SF:src\module\users\service\error\userEmailNotDefinedError.js
FNF:0
FNH:0
DA:1,2
LF:1
LH:1
BRF:0
BRH:0
end_of_record
TN:
SF:src\module\users\service\error\userIdNotDefinedError.js
FNF:0
FNH:0
DA:1,2
LF:1
LH:1
BRF:0
BRH:0
end_of_record
TN:
SF:src\module\users\service\error\userNotDefinedError.js
FNF:0
FNH:0
DA:1,2
LF:1
LH:1
BRF:0
BRH:0
end_of_record
